17-Jan-2022 08:07:59.076 INFO [main] org.apache.catalina.core.ApplicationContext.log ContextListener: contextInitialized()
17-Jan-2022 08:07:59.078 INFO [main] org.apache.catalina.core.ApplicationContext.log SessionListener: contextInitialized()
17-Jan-2022 08:07:59.080 INFO [main] org.apache.catalina.core.ApplicationContext.log ContextListener: attributeAdded('StockTicker', 'async.Stockticker@37271612')
17-Jan-2022 08:09:30.212 INFO [main] org.apache.catalina.core.ApplicationContext.log SessionListener: contextDestroyed()
17-Jan-2022 08:09:30.212 INFO [main] org.apache.catalina.core.ApplicationContext.log ContextListener: contextDestroyed()
17-Jan-2022 08:13:27.468 INFO [main] org.apache.catalina.core.ApplicationContext.log ContextListener: contextInitialized()
17-Jan-2022 08:13:27.469 INFO [main] org.apache.catalina.core.ApplicationContext.log SessionListener: contextInitialized()
17-Jan-2022 08:13:27.471 INFO [main] org.apache.catalina.core.ApplicationContext.log ContextListener: attributeAdded('StockTicker', 'async.Stockticker@1d8bd0de')
17-Jan-2022 08:25:27.249 INFO [main] org.apache.catalina.core.ApplicationContext.log SessionListener: contextDestroyed()
17-Jan-2022 08:25:27.249 INFO [main] org.apache.catalina.core.ApplicationContext.log ContextListener: contextDestroyed()
17-Jan-2022 08:25:30.742 INFO [main] org.apache.catalina.core.ApplicationContext.log ContextListener: contextInitialized()
17-Jan-2022 08:25:30.742 INFO [main] org.apache.catalina.core.ApplicationContext.log SessionListener: contextInitialized()
17-Jan-2022 08:25:30.745 INFO [main] org.apache.catalina.core.ApplicationContext.log ContextListener: attributeAdded('StockTicker', 'async.Stockticker@1dac5ef')
17-Jan-2022 08:36:27.818 INFO [main] org.apache.catalina.core.ApplicationContext.log SessionListener: contextDestroyed()
17-Jan-2022 08:36:27.818 INFO [main] org.apache.catalina.core.ApplicationContext.log ContextListener: contextDestroyed()
17-Jan-2022 08:36:31.611 INFO [main] org.apache.catalina.core.ApplicationContext.log ContextListener: contextInitialized()
17-Jan-2022 08:36:31.613 INFO [main] org.apache.catalina.core.ApplicationContext.log SessionListener: contextInitialized()
17-Jan-2022 08:36:31.615 INFO [main] org.apache.catalina.core.ApplicationContext.log ContextListener: attributeAdded('StockTicker', 'async.Stockticker@1dac5ef')
17-Jan-2022 08:46:36.357 INFO [main] org.apache.catalina.core.ApplicationContext.log SessionListener: contextDestroyed()
17-Jan-2022 08:46:36.357 INFO [main] org.apache.catalina.core.ApplicationContext.log ContextListener: contextDestroyed()
17-Jan-2022 08:46:47.195 INFO [main] org.apache.catalina.core.ApplicationContext.log ContextListener: contextInitialized()
17-Jan-2022 08:46:47.196 INFO [main] org.apache.catalina.core.ApplicationContext.log SessionListener: contextInitialized()
17-Jan-2022 08:46:47.197 INFO [main] org.apache.catalina.core.ApplicationContext.log ContextListener: attributeAdded('StockTicker', 'async.Stockticker@1dac5ef')
17-Jan-2022 08:51:32.306 INFO [Thread-3] org.apache.catalina.core.ApplicationContext.log SessionListener: contextDestroyed()
17-Jan-2022 08:51:32.309 INFO [Thread-3] org.apache.catalina.core.ApplicationContext.log ContextListener: contextDestroyed()
17-Jan-2022 08:52:48.541 INFO [main] org.apache.catalina.core.ApplicationContext.log ContextListener: contextInitialized()
17-Jan-2022 08:52:48.542 INFO [main] org.apache.catalina.core.ApplicationContext.log SessionListener: contextInitialized()
17-Jan-2022 08:52:48.543 INFO [main] org.apache.catalina.core.ApplicationContext.log ContextListener: attributeAdded('StockTicker', 'async.Stockticker@1dac5ef')
17-Jan-2022 08:58:06.459 INFO [Thread-3] org.apache.catalina.core.ApplicationContext.log SessionListener: contextDestroyed()
17-Jan-2022 08:58:06.460 INFO [Thread-3] org.apache.catalina.core.ApplicationContext.log ContextListener: contextDestroyed()
